#
# There is insufficient memory for the Java Runtime Environment to continue.
# Native memory allocation (malloc) failed to allocate 2101808 bytes. Error detail: Chunk::new
# Possible reasons:
#   The system is out of physical RAM or swap space
#   This process is running with CompressedOops enabled, and the Java Heap may be blocking the growth of the native heap
# Possible solutions:
#   Reduce memory load on the system
#   Increase physical memory or swap space
#   Check if swap backing store is full
#   Decrease Java heap size (-Xmx/-Xms)
#   Decrease number of Java threads
#   Decrease Java thread stack sizes (-Xss)
#   Set larger code cache with -XX:ReservedCodeCacheSize=
#   JVM is running with Unscaled Compressed Oops mode in which the Java heap is
#     placed in the first 4GB address space. The Java Heap base address is the
#     maximum limit for the native heap growth. Please use -XX:HeapBaseMinAddress
#     to set the Java Heap base and to place the Java Heap above 4GB virtual address.
# This output file may be truncated or incomplete.
#
#  Out of Memory Error (arena.cpp:168), pid=15992, tid=15532
#
# JRE version: OpenJDK Runtime Environment Temurin-21.0.9+10 (21.0.9+10) (build 21.0.9+10-LTS)
# Java VM: OpenJDK 64-Bit Server VM Temurin-21.0.9+10 (21.0.9+10-LTS, mixed mode, sharing, tiered, compressed oops, compressed class ptrs, parallel gc, windows-amd64)
# No core dump will be written. Minidumps are not enabled by default on client versions of Windows
#

---------------  S U M M A R Y ------------

Command Line: --add-modules=ALL-SYSTEM --add-opens=java.base/java.util=ALL-UNNAMED --add-opens=java.base/java.lang=ALL-UNNAMED --add-opens=java.base/sun.nio.fs=ALL-UNNAMED -Declipse.application=org.eclipse.jdt.ls.core.id1 -Dosgi.bundles.defaultStartLevel=4 -Declipse.product=org.eclipse.jdt.ls.core.product -Djava.import.generatesMetadataFilesAtProjectRoot=false -DDetectVMInstallationsJob.disabled=true -Dfile.encoding=utf8 -XX:+UseParallelGC -XX:GCTimeRatio=4 -XX:AdaptiveSizePolicyWeight=90 -Dsun.zip.disableMemoryMapping=true -Xmx2G -Xms100m -Xlog:disable -javaagent:c:\Users\alumne-DAM\.vscode\extensions\redhat.java-1.51.0-win32-x64\lombok\lombok-1.18.39-4050.jar c:\Users\alumne-DAM\.vscode\extensions\redhat.java-1.51.0-win32-x64\server\plugins\org.eclipse.equinox.launcher_1.7.100.v20251111-0406.jar -configuration c:\Users\alumne-DAM\AppData\Roaming\Code\User\globalStorage\redhat.java\1.51.0\config_ss_win -data c:\Users\alumne-DAM\AppData\Roaming\Code\User\workspaceStorage\c5f99d8daf878e750fdb94c9f4644d15\redhat.java\ss_ws --pipe=\\.\pipe\lsp-a8226d257aa41a90bb9ed6e5e19896ab-sock

Host: 11th Gen Intel(R) Core(TM) i5-11400 @ 2.60GHz, 12 cores, 15G,  Windows 11 , 64 bit Build 26100 (10.0.26100.7623)
Time: Wed Jan 28 19:22:26 2026 Hora estándar romance elapsed time: 45.143471 seconds (0d 0h 0m 45s)

---------------  T H R E A D  ---------------

Current thread (0x000002107542ddc0):  JavaThread "C2 CompilerThread1" daemon [_thread_in_native, id=15532, stack(0x00000044c1e00000,0x00000044c1f00000) (1024K)]


Current CompileTask:
C2:45143 4956 %     4       org.lombokweb.asm.ClassReader::readCode @ 2037 (5117 bytes)

Stack: [0x00000044c1e00000,0x00000044c1f00000]
Native frames: (J=compiled Java code, j=interpreted, Vv=VM code, C=native code)
V  [jvm.dll+0x6d6e29]
V  [jvm.dll+0x8b4b76]
V  [jvm.dll+0x8b712e]
V  [jvm.dll+0x8b7813]
V  [jvm.dll+0x283d86]
V  [jvm.dll+0xc66ed]
V  [jvm.dll+0xc6c31]
V  [jvm.dll+0x3be53b]
V  [jvm.dll+0x1e3b52]
V  [jvm.dll+0x24c0f3]
V  [jvm.dll+0x24b580]
V  [jvm.dll+0x1cb13e]
V  [jvm.dll+0x25b29d]
V  [jvm.dll+0x25982a]
V  [jvm.dll+0x3f7ea6]
V  [jvm.dll+0x85e9ad]
V  [jvm.dll+0x6d565d]
C  [ucrtbase.dll+0x37b0]
C  [KERNEL32.DLL+0x2e8d7]
C  [ntdll.dll+0x8c53c]


---------------  P R O C E S S  ---------------

Threads class SMR info:
_java_thread_list=0x000002106db55010, length=41, elements={
0x0000021014acd180, 0x0000021014b733e0, 0x0000021014a7de40, 0x0000021014b76a90,
0x0000021014b79770, 0x0000021014b7c8e0, 0x0000021014b82810, 0x0000021014b87be0,
0x0000021014b8d2a0, 0x000002106dadf270, 0x000002106dbf8650, 0x00000210738060b0,
0x0000021073692d60, 0x0000021073693be0, 0x00000210738bae80, 0x00000210736c4c90,
0x0000021073069980, 0x0000021073bc4630, 0x00000210742fb050, 0x000002107542ddc0,
0x000002107542f230, 0x00000210742fbd70, 0x00000210742fca90, 0x00000210742f9610,
0x00000210742fc400, 0x00000210742f9ca0, 0x00000210742fb6e0, 0x00000210742fa9c0,
0x00000210742fa330, 0x0000021074a210c0, 0x0000021074a21750, 0x0000021074a1fd10,
0x0000021074a203a0, 0x0000021074a23820, 0x0000021074a23eb0, 0x0000021074a23190,
0x0000021074a20a30, 0x0000021074a22b00, 0x0000021074a21de0, 0x0000021074a24540,
0x0000021074a24bd0
}

Java Threads: ( => current thread )
  0x0000021014acd180 JavaThread "main"                              [_thread_blocked, id=17012, stack(0x00000044bfd00000,0x00000044bfe00000) (1024K)]
  0x0000021014b733e0 JavaThread "Reference Handler"          daemon [_thread_blocked, id=14196, stack(0x00000044c0100000,0x00000044c0200000) (1024K)]
  0x0000021014a7de40 JavaThread "Finalizer"                  daemon [_thread_blocked, id=17620, stack(0x00000044c0200000,0x00000044c0300000) (1024K)]
  0x0000021014b76a90 JavaThread "Signal Dispatcher"          daemon [_thread_blocked, id=10432, stack(0x00000044c0300000,0x00000044c0400000) (1024K)]
  0x0000021014b79770 JavaThread "Attach Listener"            daemon [_thread_blocked, id=17244, stack(0x00000044c0400000,0x00000044c0500000) (1024K)]
  0x0000021014b7c8e0 JavaThread "Service Thread"             daemon [_thread_blocked, id=17608, stack(0x00000044c0500000,0x00000044c0600000) (1024K)]
  0x0000021014b82810 JavaThread "Monitor Deflation Thread"   daemon [_thread_blocked, id=17304, stack(0x00000044c0600000,0x00000044c0700000) (1024K)]
  0x0000021014b87be0 JavaThread "C2 CompilerThread0"         daemon [_thread_in_native, id=13140, stack(0x00000044c0700000,0x00000044c0800000) (1024K)]
  0x0000021014b8d2a0 JavaThread "C1 CompilerThread0"         daemon [_thread_blocked, id=16028, stack(0x00000044c0800000,0x00000044c0900000) (1024K)]
  0x000002106dadf270 JavaThread "Common-Cleaner"             daemon [_thread_blocked, id=9568, stack(0x00000044c0a00000,0x00000044c0b00000) (1024K)]
  0x000002106dbf8650 JavaThread "Notification Thread"        daemon [_thread_blocked, id=2044, stack(0x00000044c0900000,0x00000044c0a00000) (1024K)]
  0x00000210738060b0 JavaThread "Active Thread: Equinox Container: 514ae702-34db-4b94-a6fe-a1e6d4c5cfee"        [_thread_blocked, id=18168, stack(0x00000044c1200000,0x00000044c1300000) (1024K)]
  0x0000021073692d60 JavaThread "Framework Event Dispatcher: Equinox Container: 514ae702-34db-4b94-a6fe-a1e6d4c5cfee" daemon [_thread_blocked, id=13052, stack(0x00000044c1300000,0x00000044c1400000) (1024K)]
  0x0000021073693be0 JavaThread "Start Level: Equinox Container: 514ae702-34db-4b94-a6fe-a1e6d4c5cfee" daemon [_thread_blocked, id=15164, stack(0x00000044c1400000,0x00000044c1500000) (1024K)]
  0x00000210738bae80 JavaThread "SCR Component Actor"        daemon [_thread_blocked, id=13640, stack(0x00000044c1600000,0x00000044c1700000) (1024K)]
  0x00000210736c4c90 JavaThread "Worker-JM"                         [_thread_blocked, id=12912, stack(0x00000044c0b00000,0x00000044c0c00000) (1024K)]
  0x0000021073069980 JavaThread "Worker-0"                          [_thread_blocked, id=8560, stack(0x00000044c1900000,0x00000044c1a00000) (1024K)]
  0x0000021073bc4630 JavaThread "Worker-1: Updating workspace"        [_thread_blocked, id=13200, stack(0x00000044c1a00000,0x00000044c1b00000) (1024K)]
  0x00000210742fb050 JavaThread "JNA Cleaner"                daemon [_thread_blocked, id=7240, stack(0x00000044bfb00000,0x00000044bfc00000) (1024K)]
=>0x000002107542ddc0 JavaThread "C2 CompilerThread1"         daemon [_thread_in_native, id=15532, stack(0x00000044c1e00000,0x00000044c1f00000) (1024K)]
  0x000002107542f230 JavaThread "C2 CompilerThread2"         daemon [_thread_in_native, id=16992, stack(0x00000044c1f00000,0x00000044c2000000) (1024K)]
  0x00000210742fbd70 JavaThread "Thread-1"                   daemon [_thread_in_native, id=13204, stack(0x00000044c2000000,0x00000044c2100000) (1024K)]
  0x00000210742fca90 JavaThread "Thread-2"                   daemon [_thread_in_native, id=8552, stack(0x00000044c2100000,0x00000044c2200000) (1024K)]
  0x00000210742f9610 JavaThread "Thread-3"                   daemon [_thread_in_native, id=13528, stack(0x00000044c2200000,0x00000044c2300000) (1024K)]
  0x00000210742fc400 JavaThread "Thread-4"                   daemon [_thread_in_native, id=13168, stack(0x00000044c2300000,0x00000044c2400000) (1024K)]
  0x00000210742f9ca0 JavaThread "Thread-5"                   daemon [_thread_in_native, id=13780, stack(0x00000044c2400000,0x00000044c2500000) (1024K)]
  0x00000210742fb6e0 JavaThread "Thread-6"                   daemon [_thread_in_native, id=16544, stack(0x00000044c2500000,0x00000044c2600000) (1024K)]
  0x00000210742fa9c0 JavaThread "Thread-7"                   daemon [_thread_in_native, id=18408, stack(0x00000044c2600000,0x00000044c2700000) (1024K)]
  0x00000210742fa330 JavaThread "Thread-8"                   daemon [_thread_in_native, id=15252, stack(0x00000044c2700000,0x00000044c2800000) (1024K)]
  0x0000021074a210c0 JavaThread "Thread-9"                   daemon [_thread_in_native, id=15396, stack(0x00000044c2800000,0x00000044c2900000) (1024K)]
  0x0000021074a21750 JavaThread "Thread-10"                  daemon [_thread_in_native, id=15236, stack(0x00000044c2900000,0x00000044c2a00000) (1024K)]
  0x0000021074a1fd10 JavaThread "Thread-11"                  daemon [_thread_in_native, id=14424, stack(0x00000044c2a00000,0x00000044c2b00000) (1024K)]
  0x0000021074a203a0 JavaThread "Thread-12"                  daemon [_thread_in_native, id=3656, stack(0x00000044c2b00000,0x00000044c2c00000) (1024K)]
  0x0000021074a23820 JavaThread "Thread-13"                  daemon [_thread_in_native, id=3412, stack(0x00000044c2c00000,0x00000044c2d00000) (1024K)]
  0x0000021074a23eb0 JavaThread "pool-2-thread-1"                   [_thread_blocked, id=17652, stack(0x00000044c2d00000,0x00000044c2e00000) (1024K)]
  0x0000021074a23190 JavaThread "WorkspaceEventsHandler"            [_thread_blocked, id=18204, stack(0x00000044c2e00000,0x00000044c2f00000) (1024K)]
  0x0000021074a20a30 JavaThread "pool-1-thread-1"                   [_thread_in_native, id=1060, stack(0x00000044c2f00000,0x00000044c3000000) (1024K)]
  0x0000021074a22b00 JavaThread "ForkJoinPool.commonPool-worker-1" daemon [_thread_blocked, id=4688, stack(0x00000044c3000000,0x00000044c3100000) (1024K)]
  0x0000021074a21de0 JavaThread "ForkJoinPool.commonPool-worker-2" daemon [_thread_in_native, id=15212, stack(0x00000044c3100000,0x00000044c3200000) (1024K)]
  0x0000021074a24540 JavaThread "Worker-2"                          [_thread_blocked, id=2040, stack(0x00000044c3200000,0x00000044c3300000) (1024K)]
  0x0000021074a24bd0 JavaThread "Worker-3"                          [_thread_blocked, id=11832, stack(0x00000044c3300000,0x00000044c3400000) (1024K)]
Total: 41

Other Threads:
  0x0000021014b6ea10 VMThread "VM Thread"                           [id=4872, stack(0x00000044c0000000,0x00000044c0100000) (1024K)]
  0x000002101495bd60 WatcherThread "VM Periodic Task Thread"        [id=3332, stack(0x00000044bff00000,0x00000044c0000000) (1024K)]
  0x0000021014aeb570 WorkerThread "GC Thread#0"                     [id=17276, stack(0x00000044bfe00000,0x00000044bff00000) (1024K)]
  0x000002107335f6b0 WorkerThread "GC Thread#1"                     [id=11828, stack(0x00000044c0c00000,0x00000044c0d00000) (1024K)]
  0x00000210733608d0 WorkerThread "GC Thread#2"                     [id=6140, stack(0x00000044c0d00000,0x00000044c0e00000) (1024K)]
  0x000002107335fdf0 WorkerThread "GC Thread#3"                     [id=2928, stack(0x00000044c0e00000,0x00000044c0f00000) (1024K)]
  0x000002107335fa50 WorkerThread "GC Thread#4"                     [id=17740, stack(0x00000044c0f00000,0x00000044c1000000) (1024K)]
  0x000002107335ef70 WorkerThread "GC Thread#5"                     [id=4732, stack(0x00000044c1000000,0x00000044c1100000) (1024K)]
  0x000002107335f310 WorkerThread "GC Thread#6"                     [id=18308, stack(0x00000044c1100000,0x00000044c1200000) (1024K)]
  0x0000021073360190 WorkerThread "GC Thread#7"                     [id=16676, stack(0x00000044c1500000,0x00000044c1600000) (1024K)]
  0x00000210739efc20 WorkerThread "GC Thread#8"                     [id=15740, stack(0x00000044c1700000,0x00000044c1800000) (1024K)]
  0x00000210739f27a0 WorkerThread "GC Thread#9"                     [id=14632, stack(0x00000044c1800000,0x00000044c1900000) (1024K)]
Total: 12

Threads with active compile tasks:
C2 CompilerThread0  47160 4935       4       org.lombokweb.asm.ClassReader::readMethod (1070 bytes)
C2 CompilerThread1  47160 4956 %     4       org.lombokweb.asm.ClassReader::readCode @ 2037 (5117 bytes)
C2 CompilerThread2  47160 4905   !   4       org.eclipse.osgi.internal.loader.BundleLoader::findClass0 (490 bytes)
Total: 3

VM state: not at safepoint (normal execution)

VM Mutex/Monitor currently owned by a thread: None

Heap address: 0x0000000080000000, size: 2048 MB, Compressed Oops mode: 32-bit

CDS archive(s) mapped at: [0x000002102c000000-0x000002102cba0000-0x000002102cba0000), size 12189696, SharedBaseAddress: 0x000002102c000000, ArchiveRelocationMode: 1.
Compressed class space mapped at: 0x000002102d000000-0x000002106d000000, reserved size: 1073741824
Narrow klass base: 0x000002102c000000, Narrow klass shift: 0, Narrow klass range: 0x100000000

GC Precious Log:
 CardTable entry size: 512
 CPUs: 12 total, 12 available
 Memory: 16181M
 Large Page Support: Disabled
 NUMA Support: Disabled
 Compressed Oops: Enabled (32-bit)
 Alignments: Space 512K, Generation 512K, Heap 2M
 Heap Min Capacity: 100M
 Heap Initial Capacity: 100M
 Heap Max Capacity: 2G
 Pre-touch: Disabled
 Parallel Workers: 10

Heap:
 PSYoungGen      total 36352K, used 35919K [0x00000000d5580000, 0x00000000d7d00000, 0x0000000100000000)
  eden space 33280K, 98% used [0x00000000d5580000,0x00000000d7596b20,0x00000000d7600000)
  from space 3072K, 99% used [0x00000000d7a00000,0x00000000d7cfd2e0,0x00000000d7d00000)
  to   space 3584K, 0% used [0x00000000d7680000,0x00000000d7680000,0x00000000d7a00000)
 ParOldGen       total 68608K, used 29476K [0x0000000080000000, 0x0000000084300000, 0x00000000d5580000)
  object space 68608K, 42% used [0x0000000080000000,0x0000000081cc90c8,0x0000000084300000)
 Metaspace       used 39261K, committed 40320K, reserved 1114112K
  class space    used 4047K, committed 4544K, reserved 1048576K

Card table byte_map: [0x0000021014470000,0x0000021014880000] _byte_map_base: 0x0000021014070000

Marking Bits: (ParMarkBitMap*) 0x00007ffab65a2460
 Begin Bits: [0x0000021026f80000, 0x0000021028f80000)
 End Bits:   [0x0000021028f80000, 0x000002102af80000)

Polling page: 0x0000021012900000

Metaspace:

Usage:
  Non-class:     34.39 MB used.
      Class:      3.95 MB used.
       Both:     38.34 MB used.

Virtual space:
  Non-class space:       64.00 MB reserved,      34.94 MB ( 55%) committed,  1 nodes.
      Class space:        1.00 GB reserved,       4.44 MB ( <1%) committed,  1 nodes.
             Both:        1.06 GB reserved,      39.38 MB (  4%) committed. 

Chunk freelists:
   Non-Class:  12.89 MB
       Class:  11.49 MB
        Both:  24.38 MB

MaxMetaspaceSize: unlimited
CompressedClassSpaceSize: 1.00 GB
Initial GC threshold: 21.00 MB
Current GC threshold: 58.38 MB
CDS: on
 - commit_granule_bytes: 65536.
 - commit_granule_words: 8192.
 - virtual_space_node_default_size: 8388608.
 - enlarge_chunks_in_place: 1.
 - use_allocation_guard: 0.


Internal statistics:

num_allocs_failed_limit: 6.
num_arena_births: 776.
num_arena_deaths: 44.
num_vsnodes_births: 2.
num_vsnodes_deaths: 0.
num_space_committed: 630.
num_space_uncommitted: 0.
num_chunks_returned_to_freelist: 58.
num_chunks_taken_from_freelist: 2443.
num_chunk_merges: 12.
num_chunk_splits: 1514.
num_chunks_enlarged: 923.
num_inconsistent_stats: 0.

CodeHeap 'non-profiled nmethods': size=120000Kb used=2669Kb max_used=2669Kb free=117330Kb
 bounds [0x000002101f7a0000, 0x000002101fa40000, 0x0000021026cd0000]
CodeHeap 'profiled nmethods': size=120000Kb used=9032Kb max_used=9032Kb free=110967Kb
 bounds [0x0000021017cd0000, 0x00000210185b0000, 0x000002101f200000]
CodeHeap 'non-nmethods': size=5760Kb used=1402Kb max_used=1436Kb free=4357Kb
 bounds [0x000002101f200000, 0x000002101f470000, 0x000002101f7a0000]
CodeCache: size=245760Kb, used=13103Kb, max_used=13137Kb, free=232654Kb
 total_blobs=5302, nmethods=4605, adapters=603, full_count=0
Compilation: enabled, stopped_count=0, restarted_count=0

Compilation events (20 events):
Event: 44.082 Thread 0x0000021014b8d2a0 nmethod 4975 0x000002101fa39b10 code [0x000002101fa39ca0, 0x000002101fa39d68]
Event: 44.082 Thread 0x0000021014b8d2a0 4976  s    1       java.util.Vector::size (5 bytes)
Event: 44.082 Thread 0x0000021014b8d2a0 nmethod 4976 0x000002101fa39e10 code [0x000002101fa39fa0, 0x000002101fa3a128]
Event: 44.091 Thread 0x0000021014b8d2a0 4977       3       org.eclipse.jdt.internal.core.OverflowingLRUCache::privateRemoveEntry (140 bytes)
Event: 44.091 Thread 0x0000021014b8d2a0 nmethod 4977 0x0000021018592790 code [0x00000210185929a0, 0x00000210185930a0]
Event: 44.091 Thread 0x0000021014b8d2a0 4980       3       java.util.HashMap::putVal (300 bytes)
Event: 44.092 Thread 0x0000021014b8d2a0 nmethod 4980 0x0000021018593290 code [0x0000021018593540, 0x00000210185945f8]
Event: 44.092 Thread 0x0000021014b8d2a0 4978       3       org.eclipse.jdt.internal.core.JrtPackageFragmentRoot::equals (69 bytes)
Event: 44.092 Thread 0x0000021014b8d2a0 nmethod 4978 0x0000021018594a90 code [0x0000021018594ca0, 0x0000021018595240]
Event: 44.092 Thread 0x0000021014b8d2a0 4979       1       org.eclipse.jdt.internal.core.AbstractModule::getElementType (3 bytes)
Event: 44.092 Thread 0x0000021014b8d2a0 nmethod 4979 0x000002101fa3a190 code [0x000002101fa3a320, 0x000002101fa3a3e8]
Event: 44.097 Thread 0x0000021014b8d2a0 4981       3       java.lang.invoke.Invokers::callSiteForm (297 bytes)
Event: 44.099 Thread 0x0000021014b8d2a0 nmethod 4981 0x0000021018595410 code [0x0000021018595720, 0x00000210185969d8]
Event: 44.099 Thread 0x0000021014b8d2a0 4984       3       java.lang.invoke.BootstrapMethodInvoker::widenAndCast (47 bytes)
Event: 44.100 Thread 0x0000021014b8d2a0 nmethod 4984 0x0000021018597290 code [0x0000021018597500, 0x0000021018597e30]
Event: 44.100 Thread 0x0000021014b8d2a0 4982       3       java.lang.invoke.MethodType::appendParameterTypes (10 bytes)
Event: 44.100 Thread 0x0000021014b8d2a0 nmethod 4982 0x0000021018598110 code [0x00000210185982c0, 0x0000021018598470]
Event: 44.103 Thread 0x0000021014b8d2a0 4986       3       java.util.concurrent.atomic.AtomicInteger::incrementAndGet (14 bytes)
Event: 44.104 Thread 0x0000021014b8d2a0 nmethod 4986 0x0000021018598590 code [0x0000021018598720, 0x0000021018598840]
Event: 44.119 Thread 0x0000021014b8d2a0 4988   !   3       org.eclipse.core.internal.jobs.JobListeners::waitAndSendEvents (445 bytes)

GC Heap History (20 events):
Event: 36.874 GC heap before
{Heap before GC invocations=9 (full 1):
 PSYoungGen      total 26112K, used 25708K [0x00000000d5580000, 0x00000000d7400000, 0x0000000100000000)
  eden space 23552K, 99% used [0x00000000d5580000,0x00000000d6c7fff8,0x00000000d6c80000)
  from space 2560K, 84% used [0x00000000d6d00000,0x00000000d6f1b168,0x00000000d6f80000)
  to   space 3584K, 0% used [0x00000000d7080000,0x00000000d7080000,0x00000000d7400000)
 ParOldGen       total 68608K, used 10076K [0x0000000080000000, 0x0000000084300000, 0x00000000d5580000)
  object space 68608K, 14% used [0x0000000080000000,0x00000000809d7158,0x0000000084300000)
 Metaspace       used 27917K, committed 28736K, reserved 1114112K
  class space    used 2804K, committed 3200K, reserved 1048576K
}
Event: 36.876 GC heap after
{Heap after GC invocations=9 (full 1):
 PSYoungGen      total 26624K, used 3141K [0x00000000d5580000, 0x00000000d7400000, 0x0000000100000000)
  eden space 23040K, 0% used [0x00000000d5580000,0x00000000d5580000,0x00000000d6c00000)
  from space 3584K, 87% used [0x00000000d7080000,0x00000000d73916c0,0x00000000d7400000)
  to   space 3584K, 0% used [0x00000000d6d00000,0x00000000d6d00000,0x00000000d7080000)
 ParOldGen       total 68608K, used 10084K [0x0000000080000000, 0x0000000084300000, 0x00000000d5580000)
  object space 68608K, 14% used [0x0000000080000000,0x00000000809d9158,0x0000000084300000)
 Metaspace       used 27917K, committed 28736K, reserved 1114112K
  class space    used 2804K, committed 3200K, reserved 1048576K
}
Event: 37.284 GC heap before
{Heap before GC invocations=10 (full 1):
 PSYoungGen      total 26624K, used 26181K [0x00000000d5580000, 0x00000000d7400000, 0x0000000100000000)
  eden space 23040K, 100% used [0x00000000d5580000,0x00000000d6c00000,0x00000000d6c00000)
  from space 3584K, 87% used [0x00000000d7080000,0x00000000d73916c0,0x00000000d7400000)
  to   space 3584K, 0% used [0x00000000d6d00000,0x00000000d6d00000,0x00000000d7080000)
 ParOldGen       total 68608K, used 10084K [0x0000000080000000, 0x0000000084300000, 0x00000000d5580000)
  object space 68608K, 14% used [0x0000000080000000,0x00000000809d9158,0x0000000084300000)
 Metaspace       used 30298K, committed 31168K, reserved 1114112K
  class space    used 3071K, committed 3456K, reserved 1048576K
}
Event: 37.287 GC heap after
{Heap after GC invocations=10 (full 1):
 PSYoungGen      total 26112K, used 3579K [0x00000000d5580000, 0x00000000d7580000, 0x0000000100000000)
  eden space 22528K, 0% used [0x00000000d5580000,0x00000000d5580000,0x00000000d6b80000)
  from space 3584K, 99% used [0x00000000d6d00000,0x00000000d707ec60,0x00000000d7080000)
  to   space 5120K, 0% used [0x00000000d7080000,0x00000000d7080000,0x00000000d7580000)
 ParOldGen       total 68608K, used 10940K [0x0000000080000000, 0x0000000084300000, 0x00000000d5580000)
  object space 68608K, 15% used [0x0000000080000000,0x0000000080aaf158,0x0000000084300000)
 Metaspace       used 30298K, committed 31168K, reserved 1114112K
  class space    used 3071K, committed 3456K, reserved 1048576K
}
Event: 37.785 GC heap before
{Heap before GC invocations=11 (full 1):
 PSYoungGen      total 26112K, used 26107K [0x00000000d5580000, 0x00000000d7580000, 0x0000000100000000)
  eden space 22528K, 100% used [0x00000000d5580000,0x00000000d6b80000,0x00000000d6b80000)
  from space 3584K, 99% used [0x00000000d6d00000,0x00000000d707ec60,0x00000000d7080000)
  to   space 5120K, 0% used [0x00000000d7080000,0x00000000d7080000,0x00000000d7580000)
 ParOldGen       total 68608K, used 10940K [0x0000000080000000, 0x0000000084300000, 0x00000000d5580000)
  object space 68608K, 15% used [0x0000000080000000,0x0000000080aaf158,0x0000000084300000)
 Metaspace       used 33564K, committed 34496K, reserved 1114112K
  class space    used 3459K, committed 3840K, reserved 1048576K
}
Event: 37.788 GC heap after
{Heap after GC invocations=11 (full 1):
 PSYoungGen      total 24576K, used 2475K [0x00000000d5580000, 0x00000000d7300000, 0x0000000100000000)
  eden space 22016K, 0% used [0x00000000d5580000,0x00000000d5580000,0x00000000d6b00000)
  from space 2560K, 96% used [0x00000000d7080000,0x00000000d72eac48,0x00000000d7300000)
  to   space 3584K, 0% used [0x00000000d6c00000,0x00000000d6c00000,0x00000000d6f80000)
 ParOldGen       total 68608K, used 13205K [0x0000000080000000, 0x0000000084300000, 0x00000000d5580000)
  object space 68608K, 19% used [0x0000000080000000,0x0000000080ce5578,0x0000000084300000)
 Metaspace       used 33564K, committed 34496K, reserved 1114112K
  class space    used 3459K, committed 3840K, reserved 1048576K
}
Event: 37.925 GC heap before
{Heap before GC invocations=12 (full 1):
 PSYoungGen      total 24576K, used 24491K [0x00000000d5580000, 0x00000000d7300000, 0x0000000100000000)
  eden space 22016K, 100% used [0x00000000d5580000,0x00000000d6b00000,0x00000000d6b00000)
  from space 2560K, 96% used [0x00000000d7080000,0x00000000d72eac48,0x00000000d7300000)
  to   space 3584K, 0% used [0x00000000d6c00000,0x00000000d6c00000,0x00000000d6f80000)
 ParOldGen       total 68608K, used 13205K [0x0000000080000000, 0x0000000084300000, 0x00000000d5580000)
  object space 68608K, 19% used [0x0000000080000000,0x0000000080ce5578,0x0000000084300000)
 Metaspace       used 34338K, committed 35392K, reserved 1114112K
  class space    used 3542K, committed 4032K, reserved 1048576K
}
Event: 40.108 GC heap after
{Heap after GC invocations=12 (full 1):
 PSYoungGen      total 26624K, used 2368K [0x00000000d5580000, 0x00000000d7d00000, 0x0000000100000000)
  eden space 23040K, 0% used [0x00000000d5580000,0x00000000d5580000,0x00000000d6c00000)
  from space 3584K, 66% used [0x00000000d6c00000,0x00000000d6e50030,0x00000000d6f80000)
  to   space 2560K, 0% used [0x00000000d7a80000,0x00000000d7a80000,0x00000000d7d00000)
 ParOldGen       total 68608K, used 15465K [0x0000000080000000, 0x0000000084300000, 0x00000000d5580000)
  object space 68608K, 22% used [0x0000000080000000,0x0000000080f1a460,0x0000000084300000)
 Metaspace       used 34338K, committed 35392K, reserved 1114112K
  class space    used 3542K, committed 4032K, reserved 1048576K
}
Event: 40.210 GC heap before
{Heap before GC invocations=13 (full 1):
 PSYoungGen      total 26624K, used 22381K [0x00000000d5580000, 0x00000000d7d00000, 0x0000000100000000)
  eden space 23040K, 86% used [0x00000000d5580000,0x00000000d690b670,0x00000000d6c00000)
  from space 3584K, 66% used [0x00000000d6c00000,0x00000000d6e50030,0x00000000d6f80000)
  to   space 2560K, 0% used [0x00000000d7a80000,0x00000000d7a80000,0x00000000d7d00000)
 ParOldGen       total 68608K, used 15465K [0x0000000080000000, 0x0000000084300000, 0x00000000d5580000)
  object space 68608K, 22% used [0x0000000080000000,0x0000000080f1a460,0x0000000084300000)
 Metaspace       used 34810K, committed 35840K, reserved 1114112K
  class space    used 3630K, committed 4096K, reserved 1048576K
}
Event: 40.214 GC heap after
{Heap after GC invocations=13 (full 1):
 PSYoungGen      total 37888K, used 2462K [0x00000000d5580000, 0x00000000d7d00000, 0x0000000100000000)
  eden space 35328K, 0% used [0x00000000d5580000,0x00000000d5580000,0x00000000d7800000)
  from space 2560K, 96% used [0x00000000d7a80000,0x00000000d7ce7920,0x00000000d7d00000)
  to   space 2560K, 0% used [0x00000000d7800000,0x00000000d7800000,0x00000000d7a80000)
 ParOldGen       total 68608K, used 17629K [0x0000000080000000, 0x0000000084300000, 0x00000000d5580000)
  object space 68608K, 25% used [0x0000000080000000,0x00000000811377e8,0x0000000084300000)
 Metaspace       used 34810K, committed 35840K, reserved 1114112K
  class space    used 3630K, committed 4096K, reserved 1048576K
}
Event: 40.214 GC heap before
{Heap before GC invocations=14 (full 2):
 PSYoungGen      total 37888K, used 2462K [0x00000000d5580000, 0x00000000d7d00000, 0x0000000100000000)
  eden space 35328K, 0% used [0x00000000d5580000,0x00000000d5580000,0x00000000d7800000)
  from space 2560K, 96% used [0x00000000d7a80000,0x00000000d7ce7920,0x00000000d7d00000)
  to   space 2560K, 0% used [0x00000000d7800000,0x00000000d7800000,0x00000000d7a80000)
 ParOldGen       total 68608K, used 17629K [0x0000000080000000, 0x0000000084300000, 0x00000000d5580000)
  object space 68608K, 25% used [0x0000000080000000,0x00000000811377e8,0x0000000084300000)
 Metaspace       used 34810K, committed 35840K, reserved 1114112K
  class space    used 3630K, committed 4096K, reserved 1048576K
}
Event: 40.240 GC heap after
{Heap after GC invocations=14 (full 2):
 PSYoungGen      total 37888K, used 0K [0x00000000d5580000, 0x00000000d7d00000, 0x0000000100000000)
  eden space 35328K, 0% used [0x00000000d5580000,0x00000000d5580000,0x00000000d7800000)
  from space 2560K, 0% used [0x00000000d7a80000,0x00000000d7a80000,0x00000000d7d00000)
  to   space 2560K, 0% used [0x00000000d7800000,0x00000000d7800000,0x00000000d7a80000)
 ParOldGen       total 68608K, used 18614K [0x0000000080000000, 0x0000000084300000, 0x00000000d5580000)
  object space 68608K, 27% used [0x0000000080000000,0x000000008122da98,0x0000000084300000)
 Metaspace       used 34784K, committed 35840K, reserved 1114112K
  class space    used 3622K, committed 4096K, reserved 1048576K
}
Event: 40.348 GC heap before
{Heap before GC invocations=15 (full 2):
 PSYoungGen      total 37888K, used 35328K [0x00000000d5580000, 0x00000000d7d00000, 0x0000000100000000)
  eden space 35328K, 100% used [0x00000000d5580000,0x00000000d7800000,0x00000000d7800000)
  from space 2560K, 0% used [0x00000000d7a80000,0x00000000d7a80000,0x00000000d7d00000)
  to   space 2560K, 0% used [0x00000000d7800000,0x00000000d7800000,0x00000000d7a80000)
 ParOldGen       total 68608K, used 18614K [0x0000000080000000, 0x0000000084300000, 0x00000000d5580000)
  object space 68608K, 27% used [0x0000000080000000,0x000000008122da98,0x0000000084300000)
 Metaspace       used 35212K, committed 36224K, reserved 1114112K
  class space    used 3696K, committed 4160K, reserved 1048576K
}
Event: 40.350 GC heap after
{Heap after GC invocations=15 (full 2):
 PSYoungGen      total 36864K, used 2530K [0x00000000d5580000, 0x00000000d7f00000, 0x0000000100000000)
  eden space 34304K, 0% used [0x00000000d5580000,0x00000000d5580000,0x00000000d7700000)
  from space 2560K, 98% used [0x00000000d7800000,0x00000000d7a78850,0x00000000d7a80000)
  to   space 4096K, 0% used [0x00000000d7b00000,0x00000000d7b00000,0x00000000d7f00000)
 ParOldGen       total 68608K, used 19686K [0x0000000080000000, 0x0000000084300000, 0x00000000d5580000)
  object space 68608K, 28% used [0x0000000080000000,0x0000000081339a98,0x0000000084300000)
 Metaspace       used 35212K, committed 36224K, reserved 1114112K
  class space    used 3696K, committed 4160K, reserved 1048576K
}
Event: 40.429 GC heap before
{Heap before GC invocations=16 (full 2):
 PSYoungGen      total 36864K, used 36834K [0x00000000d5580000, 0x00000000d7f00000, 0x0000000100000000)
  eden space 34304K, 100% used [0x00000000d5580000,0x00000000d7700000,0x00000000d7700000)
  from space 2560K, 98% used [0x00000000d7800000,0x00000000d7a78850,0x00000000d7a80000)
  to   space 4096K, 0% used [0x00000000d7b00000,0x00000000d7b00000,0x00000000d7f00000)
 ParOldGen       total 68608K, used 19686K [0x0000000080000000, 0x0000000084300000, 0x00000000d5580000)
  object space 68608K, 28% used [0x0000000080000000,0x0000000081339a98,0x0000000084300000)
 Metaspace       used 35427K, committed 36416K, reserved 1114112K
  class space    used 3709K, committed 4160K, reserved 1048576K
}
Event: 40.433 GC heap after
{Heap after GC invocations=16 (full 2):
 PSYoungGen      total 37376K, used 3556K [0x00000000d5580000, 0x00000000d7e80000, 0x0000000100000000)
  eden space 33792K, 0% used [0x00000000d5580000,0x00000000d5580000,0x00000000d7680000)
  from space 3584K, 99% used [0x00000000d7b00000,0x00000000d7e79010,0x00000000d7e80000)
  to   space 4096K, 0% used [0x00000000d7680000,0x00000000d7680000,0x00000000d7a80000)
 ParOldGen       total 68608K, used 22073K [0x0000000080000000, 0x0000000084300000, 0x00000000d5580000)
  object space 68608K, 32% used [0x0000000080000000,0x000000008158e7d8,0x0000000084300000)
 Metaspace       used 35427K, committed 36416K, reserved 1114112K
  class space    used 3709K, committed 4160K, reserved 1048576K
}
Event: 40.506 GC heap before
{Heap before GC invocations=17 (full 2):
 PSYoungGen      total 37376K, used 37348K [0x00000000d5580000, 0x00000000d7e80000, 0x0000000100000000)
  eden space 33792K, 100% used [0x00000000d5580000,0x00000000d7680000,0x00000000d7680000)
  from space 3584K, 99% used [0x00000000d7b00000,0x00000000d7e79010,0x00000000d7e80000)
  to   space 4096K, 0% used [0x00000000d7680000,0x00000000d7680000,0x00000000d7a80000)
 ParOldGen       total 68608K, used 22073K [0x0000000080000000, 0x0000000084300000, 0x00000000d5580000)
  object space 68608K, 32% used [0x0000000080000000,0x000000008158e7d8,0x0000000084300000)
 Metaspace       used 35764K, committed 36800K, reserved 1114112K
  class space    used 3726K, committed 4224K, reserved 1048576K
}
Event: 40.510 GC heap after
{Heap after GC invocations=17 (full 2):
 PSYoungGen      total 36864K, used 3424K [0x00000000d5580000, 0x00000000d7d00000, 0x0000000100000000)
  eden space 33280K, 0% used [0x00000000d5580000,0x00000000d5580000,0x00000000d7600000)
  from space 3584K, 95% used [0x00000000d7680000,0x00000000d79d8020,0x00000000d7a00000)
  to   space 3072K, 0% used [0x00000000d7a00000,0x00000000d7a00000,0x00000000d7d00000)
 ParOldGen       total 68608K, used 25448K [0x0000000080000000, 0x0000000084300000, 0x00000000d5580000)
  object space 68608K, 37% used [0x0000000080000000,0x00000000818da228,0x0000000084300000)
 Metaspace       used 35764K, committed 36800K, reserved 1114112K
  class space    used 3726K, committed 4224K, reserved 1048576K
}
Event: 41.859 GC heap before
{Heap before GC invocations=18 (full 2):
 PSYoungGen      total 36864K, used 36691K [0x00000000d5580000, 0x00000000d7d00000, 0x0000000100000000)
  eden space 33280K, 99% used [0x00000000d5580000,0x00000000d75fcd90,0x00000000d7600000)
  from space 3584K, 95% used [0x00000000d7680000,0x00000000d79d8020,0x00000000d7a00000)
  to   space 3072K, 0% used [0x00000000d7a00000,0x00000000d7a00000,0x00000000d7d00000)
 ParOldGen       total 68608K, used 25448K [0x0000000080000000, 0x0000000084300000, 0x00000000d5580000)
  object space 68608K, 37% used [0x0000000080000000,0x00000000818da228,0x0000000084300000)
 Metaspace       used 37555K, committed 38592K, reserved 1114112K
  class space    used 3880K, committed 4352K, reserved 1048576K
}
Event: 43.885 GC heap after
{Heap after GC invocations=18 (full 2):
 PSYoungGen      total 36352K, used 3060K [0x00000000d5580000, 0x00000000d7d00000, 0x0000000100000000)
  eden space 33280K, 0% used [0x00000000d5580000,0x00000000d5580000,0x00000000d7600000)
  from space 3072K, 99% used [0x00000000d7a00000,0x00000000d7cfd2e0,0x00000000d7d00000)
  to   space 3584K, 0% used [0x00000000d7680000,0x00000000d7680000,0x00000000d7a00000)
 ParOldGen       total 68608K, used 29476K [0x0000000080000000, 0x0000000084300000, 0x00000000d5580000)
  object space 68608K, 42% used [0x0000000080000000,0x0000000081cc90c8,0x0000000084300000)
 Metaspace       used 37555K, committed 38592K, reserved 1114112K
  class space    used 3880K, committed 4352K, reserved 1048576K
}

Dll operation events (12 events):
Event: 0.005 Loaded shared library c:\Users\alumne-DAM\.vscode\extensions\redhat.java-1.51.0-win32-x64\jre\21.0.9-win32-x86_64\bin\java.dll
Event: 0.050 Loaded shared library c:\Users\alumne-DAM\.vscode\extensions\redhat.java-1.51.0-win32-x64\jre\21.0.9-win32-x86_64\bin\zip.dll
Event: 0.105 Loaded shared library C:\Users\alumne-DAM\.vscode\extensions\redhat.java-1.51.0-win32-x64\jre\21.0.9-win32-x86_64\bin\instrument.dll
Event: 0.174 Loaded shared library C:\Users\alumne-DAM\.vscode\extensions\redhat.java-1.51.0-win32-x64\jre\21.0.9-win32-x86_64\bin\net.dll
Event: 0.226 Loaded shared library C:\Users\alumne-DAM\.vscode\extensions\redhat.java-1.51.0-win32-x64\jre\21.0.9-win32-x86_64\bin\nio.dll
Event: 0.228 Loaded shared library C:\Users\alumne-DAM\.vscode\extensions\redhat.java-1.51.0-win32-x64\jre\21.0.9-win32-x86_64\bin\zip.dll
Event: 0.240 Loaded shared library C:\Users\alumne-DAM\.vscode\extensions\redhat.java-1.51.0-win32-x64\jre\21.0.9-win32-x86_64\bin\jimage.dll
Event: 0.306 Loaded shared library c:\Users\alumne-DAM\.vscode\extensions\redhat.java-1.51.0-win32-x64\jre\21.0.9-win32-x86_64\bin\verify.dll
Event: 1.253 Loaded shared library C:\Users\alumne-DAM\AppData\Roaming\Code\User\globalStorage\redhat.java\1.51.0\config_ss_win\org.eclipse.equinox.launcher\org.eclipse.equinox.launcher.win32.win32.x86_64_1.2.1400.v20250801-0854\eclipse_11916.dll
Event: 28.770 Loaded shared library C:\Users\alumne-DAM\.vscode\extensions\redhat.java-1.51.0-win32-x64\jre\21.0.9-win32-x86_64\bin\management.dll
Event: 28.892 Loaded shared library C:\Users\alumne-DAM\.vscode\extensions\redhat.java-1.51.0-win32-x64\jre\21.0.9-win32-x86_64\bin\management_ext.dll
Event: 36.468 Loaded shared library C:\Users\alumne-DAM\AppData\Local\Temp\jna--570604515\jna10296443169304855177.dll

Deoptimization events (20 events):
Event: 43.914 Thread 0x0000021074a20a30 DEOPT PACKING pc=0x00000210181bc533 sp=0x00000044c2ff9b60
Event: 43.914 Thread 0x0000021074a20a30 DEOPT UNPACKING pc=0x000002101f2578e2 sp=0x00000044c2ff9090 mode 0
Event: 43.915 Thread 0x0000021074a20a30 DEOPT PACKING pc=0x00000210181bc533 sp=0x00000044c2ff9b60
Event: 43.915 Thread 0x0000021074a20a30 DEOPT UNPACKING pc=0x000002101f2578e2 sp=0x00000044c2ff9090 mode 0
Event: 43.921 Thread 0x0000021074a20a30 DEOPT PACKING pc=0x00000210181bc533 sp=0x00000044c2ff9b60
Event: 43.921 Thread 0x0000021074a20a30 DEOPT UNPACKING pc=0x000002101f2578e2 sp=0x00000044c2ff9090 mode 0
Event: 44.069 Thread 0x0000021074a20a30 DEOPT PACKING pc=0x0000021017efeefb sp=0x00000044c2ff8a80
Event: 44.069 Thread 0x0000021074a20a30 DEOPT UNPACKING pc=0x000002101f2578e2 sp=0x00000044c2ff7fb8 mode 0
Event: 44.091 Thread 0x0000021074a20a30 Uncommon trap: trap_request=0xffffffde fr.pc=0x000002101f807468 relative=0x00000000000006c8
Event: 44.091 Thread 0x0000021074a20a30 Uncommon trap: reason=class_check action=maybe_recompile pc=0x000002101f807468 method=java.util.HashMap.putVal(ILjava/lang/Object;Ljava/lang/Object;ZZ)Ljava/lang/Object; @ 203 c2
Event: 44.091 Thread 0x0000021074a20a30 DEOPT PACKING pc=0x000002101f807468 sp=0x00000044c2ffe210
Event: 44.091 Thread 0x0000021074a20a30 DEOPT UNPACKING pc=0x000002101f256da2 sp=0x00000044c2ffe100 mode 2
Event: 44.091 Thread 0x0000021074a20a30 Uncommon trap: trap_request=0xffffffde fr.pc=0x000002101f807468 relative=0x00000000000006c8
Event: 44.091 Thread 0x0000021074a20a30 Uncommon trap: reason=class_check action=maybe_recompile pc=0x000002101f807468 method=java.util.HashMap.putVal(ILjava/lang/Object;Ljava/lang/Object;ZZ)Ljava/lang/Object; @ 203 c2
Event: 44.091 Thread 0x0000021074a20a30 DEOPT PACKING pc=0x000002101f807468 sp=0x00000044c2ffe210
Event: 44.091 Thread 0x0000021074a20a30 DEOPT UNPACKING pc=0x000002101f256da2 sp=0x00000044c2ffe100 mode 2
Event: 44.091 Thread 0x0000021074a20a30 Uncommon trap: trap_request=0xffffffde fr.pc=0x000002101f7e9b14 relative=0x0000000000000674
Event: 44.091 Thread 0x0000021074a20a30 Uncommon trap: reason=class_check action=maybe_recompile pc=0x000002101f7e9b14 method=java.util.HashMap.putVal(ILjava/lang/Object;Ljava/lang/Object;ZZ)Ljava/lang/Object; @ 203 c2
Event: 44.091 Thread 0x0000021074a20a30 DEOPT PACKING pc=0x000002101f7e9b14 sp=0x00000044c2ffe150
Event: 44.091 Thread 0x0000021074a20a30 DEOPT UNPACKING pc=0x000002101f256da2 sp=0x00000044c2ffe0f0 mode 2

Classes loaded (20 events):
Event: 40.255 Loading class java/util/stream/Nodes$ToArrayTask done
Event: 40.255 Loading class java/util/stream/Nodes$ToArrayTask$OfRef done
Event: 40.339 Loading class java/util/Vector$1
Event: 40.339 Loading class java/util/Vector$1 done
Event: 40.440 Loading class java/lang/invoke/MethodHandleImpl$CountingWrapper$1
Event: 40.440 Loading class java/lang/invoke/MethodHandleImpl$CountingWrapper$1 done
Event: 40.531 Loading class sun/nio/cs/ThreadLocalCoders
Event: 40.537 Loading class sun/nio/cs/ThreadLocalCoders done
Event: 40.537 Loading class sun/nio/cs/ThreadLocalCoders$1
Event: 40.538 Loading class sun/nio/cs/ThreadLocalCoders$Cache
Event: 40.538 Loading class sun/nio/cs/ThreadLocalCoders$Cache done
Event: 40.538 Loading class sun/nio/cs/ThreadLocalCoders$1 done
Event: 40.538 Loading class sun/nio/cs/ThreadLocalCoders$2
Event: 40.538 Loading class sun/nio/cs/ThreadLocalCoders$2 done
Event: 40.586 Loading class java/lang/UnsupportedClassVersionError
Event: 40.587 Loading class java/lang/UnsupportedClassVersionError done
Event: 40.688 Loading class java/util/regex/Pattern$Caret
Event: 40.688 Loading class java/util/regex/Pattern$Caret done
Event: 44.090 Loading class java/util/Hashtable$ValueCollection
Event: 44.090 Loading class java/util/Hashtable$ValueCollection done

Classes unloaded (20 events):
Event: 35.612 Thread 0x0000021014b6ea10 Unloading class 0x000002102d18c400 'java/lang/invoke/LambdaForm$MH+0x000002102d18c400'
Event: 35.612 Thread 0x0000021014b6ea10 Unloading class 0x000002102d18c000 'java/lang/invoke/LambdaForm$MH+0x000002102d18c000'
Event: 35.612 Thread 0x0000021014b6ea10 Unloading class 0x000002102d18bc00 'java/lang/invoke/LambdaForm$BMH+0x000002102d18bc00'
Event: 35.612 Thread 0x0000021014b6ea10 Unloading class 0x000002102d18b800 'java/lang/invoke/LambdaForm$DMH+0x000002102d18b800'
Event: 35.612 Thread 0x0000021014b6ea10 Unloading class 0x000002102d18a400 'java/lang/invoke/LambdaForm$DMH+0x000002102d18a400'
Event: 40.218 Thread 0x0000021014b6ea10 Unloading class 0x000002102d403400 'java/lang/invoke/LambdaForm$MH+0x000002102d403400'
Event: 40.218 Thread 0x0000021014b6ea10 Unloading class 0x000002102d402800 'java/lang/invoke/LambdaForm$MH+0x000002102d402800'
Event: 40.218 Thread 0x0000021014b6ea10 Unloading class 0x000002102d402000 'java/lang/invoke/LambdaForm$MH+0x000002102d402000'
Event: 40.218 Thread 0x0000021014b6ea10 Unloading class 0x000002102d401800 'java/lang/invoke/LambdaForm$MH+0x000002102d401800'
Event: 40.218 Thread 0x0000021014b6ea10 Unloading class 0x000002102d401400 'java/lang/invoke/LambdaForm$DMH+0x000002102d401400'
Event: 40.218 Thread 0x0000021014b6ea10 Unloading class 0x000002102d400800 'java/lang/invoke/LambdaForm$MH+0x000002102d400800'
Event: 40.218 Thread 0x0000021014b6ea10 Unloading class 0x000002102d3fd000 'java/lang/invoke/LambdaForm$MH+0x000002102d3fd000'
Event: 40.218 Thread 0x0000021014b6ea10 Unloading class 0x000002102d3fc800 'java/lang/invoke/LambdaForm$MH+0x000002102d3fc800'
Event: 40.218 Thread 0x0000021014b6ea10 Unloading class 0x000002102d3fc000 'java/lang/invoke/LambdaForm$MH+0x000002102d3fc000'
Event: 40.218 Thread 0x0000021014b6ea10 Unloading class 0x000002102d3fb800 'java/lang/invoke/LambdaForm$MH+0x000002102d3fb800'
Event: 40.218 Thread 0x0000021014b6ea10 Unloading class 0x000002102d3fb000 'java/lang/invoke/LambdaForm$MH+0x000002102d3fb000'
Event: 40.218 Thread 0x0000021014b6ea10 Unloading class 0x000002102d3fa800 'java/lang/invoke/LambdaForm$MH+0x000002102d3fa800'
Event: 40.218 Thread 0x0000021014b6ea10 Unloading class 0x000002102d3fa000 'java/lang/invoke/LambdaForm$MH+0x000002102d3fa000'
Event: 40.218 Thread 0x0000021014b6ea10 Unloading class 0x000002102d3f9c00 'java/lang/invoke/LambdaForm$MH+0x000002102d3f9c00'
Event: 40.218 Thread 0x0000021014b6ea10 Unloading class 0x000002102d3f9400 'java/lang/invoke/LambdaForm$DMH+0x000002102d3f9400'

Classes redefined (0 events):
No events

Internal exceptions (20 events):
Event: 37.901 Thread 0x0000021074a20a30 Exception <a 'java/lang/NoSuchMethodError'{0x00000000d5eafb40}: 'int java.lang.invoke.DirectMethodHandle$Holder.invokeStaticInit(java.lang.Object, float, float)'> (0x00000000d5eafb40) 
thrown [s\src\hotspot\share\interpreter\linkResolver.cpp, line 773]
Event: 37.901 Thread 0x0000021074a20a30 Exception <a 'java/lang/NoSuchMethodError'{0x00000000d5eb6880}: 'int java.lang.invoke.DirectMethodHandle$Holder.invokeStaticInit(java.lang.Object, double, double)'> (0x00000000d5eb6880) 
thrown [s\src\hotspot\share\interpreter\linkResolver.cpp, line 773]
Event: 37.902 Thread 0x0000021074a20a30 Exception <a 'java/lang/NoSuchMethodError'{0x00000000d5ebb098}: 'int java.lang.invoke.DirectMethodHandle$Holder.invokeStatic(java.lang.Object, long)'> (0x00000000d5ebb098) 
thrown [s\src\hotspot\share\interpreter\linkResolver.cpp, line 773]
Event: 37.903 Thread 0x0000021074a22b00 Exception <a 'java/lang/NoSuchMethodError'{0x00000000d5ef71c0}: 'int java.lang.invoke.Invokers$Holder.linkToTargetMethod(java.lang.Object, java.lang.Object)'> (0x00000000d5ef71c0) 
thrown [s\src\hotspot\share\interpreter\linkResolver.cpp, line 773]
Event: 37.903 Thread 0x0000021074a20a30 Exception <a 'java/lang/NoSuchMethodError'{0x00000000d5ed95c8}: 'int java.lang.invoke.Invokers$Holder.linkToTargetMethod(java.lang.Object, java.lang.Object)'> (0x00000000d5ed95c8) 
thrown [s\src\hotspot\share\interpreter\linkResolver.cpp, line 773]
Event: 40.186 Thread 0x0000021073069980 Exception <a 'sun/nio/fs/WindowsException'{0x00000000d63e35c8}> (0x00000000d63e35c8) 
thrown [s\src\hotspot\share\prims\jni.cpp, line 520]
Event: 40.187 Thread 0x0000021073069980 Exception <a 'sun/nio/fs/WindowsException'{0x00000000d63e4f90}> (0x00000000d63e4f90) 
thrown [s\src\hotspot\share\prims\jni.cpp, line 520]
Event: 40.190 Thread 0x0000021074a20a30 Exception <a 'java/lang/NoSuchMethodError'{0x00000000d644a350}: 'java.lang.Object java.lang.invoke.DirectMethodHandle$Holder.invokeStatic(java.lang.Object, int, java.lang.Object, java.lang.Object)'> (0x00000000d644a350) 
thrown [s\src\hotspot\share\interpreter\linkResolver.cpp, line 773]
Event: 40.190 Thread 0x0000021073069980 Exception <a 'java/io/FileNotFoundException'{0x00000000d64a0fe0}> (0x00000000d64a0fe0) 
thrown [s\src\hotspot\share\prims\jni.cpp, line 520]
Event: 40.190 Thread 0x0000021074a20a30 Exception <a 'java/lang/NoSuchMethodError'{0x00000000d644de00}: 'java.lang.Object java.lang.invoke.DelegatingMethodHandle$Holder.delegate(java.lang.Object, int, java.lang.Object, java.lang.Object)'> (0x00000000d644de00) 
thrown [s\src\hotspot\share\interpreter\linkResolver.cpp, line 773]
Event: 40.192 Thread 0x0000021074a20a30 Implicit null exception at 0x000002101f98d2e4 to 0x000002101f98d5b8
Event: 40.194 Thread 0x0000021074a20a30 Exception <a 'java/lang/NoSuchMethodError'{0x00000000d6504b90}: 'int java.lang.invoke.Invokers$Holder.linkToTargetMethod(java.lang.Object, java.lang.Object, java.lang.Object)'> (0x00000000d6504b90) 
thrown [s\src\hotspot\share\interpreter\linkResolver.cpp, line 773]
Event: 40.197 Thread 0x0000021073069980 Exception <a 'java/io/FileNotFoundException'{0x00000000d66b5c40}> (0x00000000d66b5c40) 
thrown [s\src\hotspot\share\prims\jni.cpp, line 520]
Event: 40.198 Thread 0x0000021073069980 Exception <a 'java/io/FileNotFoundException'{0x00000000d66b6c90}> (0x00000000d66b6c90) 
thrown [s\src\hotspot\share\prims\jni.cpp, line 520]
Event: 40.198 Thread 0x0000021073069980 Exception <a 'java/io/FileNotFoundException'{0x00000000d66b7a50}> (0x00000000d66b7a50) 
thrown [s\src\hotspot\share\prims\jni.cpp, line 520]
Event: 40.272 Thread 0x0000021073069980 Exception <a 'java/lang/NoSuchMethodError'{0x00000000d5e78fb0}: 'java.lang.Object java.lang.invoke.DirectMethodHandle$Holder.newInvokeSpecial(java.lang.Object, java.lang.Object, java.lang.Object, java.lang.Object, java.lang.Object, java.lang.Object, java.lang.Object, java.lang.Object)'> (0x00000000d5e78fb0) 
thrown [s\src\hotspot\share\interpreter\linkResolver.cpp, line 773]
Event: 40.599 Thread 0x0000021074a22b00 Exception <a 'java/lang/NoSuchMethodError'{0x00000000d6132ab8}: 'int java.lang.invoke.Invokers$Holder.invokeExact_MT(java.lang.Object, java.lang.Object)'> (0x00000000d6132ab8) 
thrown [s\src\hotspot\share\interpreter\linkResolver.cpp, line 773]
Event: 40.730 Thread 0x0000021074a22b00 Exception <a 'java/lang/LinkageError'{0x00000000d69300d8}: loader lombok.launch.ShadowClassLoader @23a5a9f9 attempted duplicate class definition for lombok.launch.PatchFixesHider$ValPortal. (lombok.launch.PatchFixesHider$ValPortal is in unnamed module of loader lombok.launch.ShadowClassLoader @23a5a9f9, parent loader org.eclipse.osgi.internal.loader.EquinoxClassLoader @38ea0705)> (0x00000000d69300d8) 
thrown [s\src\hotspot\share\classfile\systemDictionary.cpp, line 1682]
Event: 40.730 Thread 0x0000021074a20a30 Exception <a 'java/lang/LinkageError'{0x00000000d68fc408}: loader lombok.launch.ShadowClassLoader @23a5a9f9 attempted duplicate class definition for lombok.launch.PatchFixesHider$ValPortal. (lombok.launch.PatchFixesHider$ValPortal is in unnamed module of loader lombok.launch.ShadowClassLoader @23a5a9f9, parent loader org.eclipse.osgi.internal.loader.EquinoxClassLoader @38ea0705)> (0x00000000d68fc408) 
thrown [s\src\hotspot\share\classfile\systemDictionary.cpp, line 1682]
Event: 44.097 Thread 0x0000021074a21de0 Exception <a 'java/lang/NoSuchMethodError'{0x00000000d73afdf8}: 'java.lang.Object java.lang.invoke.DirectMethodHandle$Holder.invokeSpecial(java.lang.Object, java.lang.Object, java.lang.Object, java.lang.Object, int, java.lang.Object, java.lang.Object)'> (0x00000000d73afdf8) 
thrown [s\src\hotspot\share\interpreter\linkResolver.cpp, line 773]

ZGC Phase Switch (0 events):
No events

VM Operations (20 events):
Event: 37.925 Executing VM operation: ParallelGCFailedAllocation (Allocation Failure)
Event: 40.108 Executing VM operation: ParallelGCFailedAllocation (Allocation Failure) done
Event: 40.120 Executing VM operation: HandshakeAllThreads (Deoptimize)
Event: 40.120 Executing VM operation: HandshakeAllThreads (Deoptimize) done
Event: 40.210 Executing VM operation: CollectForMetadataAllocation (Metadata GC Threshold)
Event: 40.240 Executing VM operation: CollectForMetadataAllocation (Metadata GC Threshold) done
Event: 40.348 Executing VM operation: ParallelGCFailedAllocation (Allocation Failure)
Event: 40.350 Executing VM operation: ParallelGCFailedAllocation (Allocation Failure) done
Event: 40.429 Executing VM operation: ParallelGCFailedAllocation (Allocation Failure)
Event: 40.433 Executing VM operation: ParallelGCFailedAllocation (Allocation Failure) done
Event: 40.506 Executing VM operation: ParallelGCFailedAllocation (Allocation Failure)
Event: 40.510 Executing VM operation: ParallelGCFailedAllocation (Allocation Failure) done
Event: 41.514 Executing VM operation: Cleanup
Event: 41.514 Executing VM operation: Cleanup done
Event: 41.859 Executing VM operation: ParallelGCFailedAllocation (Allocation Failure)
Event: 43.886 Executing VM operation: ParallelGCFailedAllocation (Allocation Failure) done
Event: 44.083 Executing VM operation: HandshakeAllThreads (Deoptimize)
Event: 44.083 Executing VM operation: HandshakeAllThreads (Deoptimize) done
Event: 45.084 Executing VM operation: Cleanup
Event: 45.084 Executing VM operation: Cleanup done

Memory protections (0 events):
No events

Nmethod flushes (20 events):
Event: 40.224 Thread 0x0000021014b6ea10 flushing  nmethod 0x00000210180a7810
Event: 40.224 Thread 0x0000021014b6ea10 flushing  nmethod 0x00000210180f0b90
Event: 40.224 Thread 0x0000021014b6ea10 flushing  nmethod 0x00000210180f3590
Event: 40.224 Thread 0x0000021014b6ea10 flushing  nmethod 0x000002101810c790
Event: 40.224 Thread 0x0000021014b6ea10 flushing  nmethod 0x000002101810d490
Event: 40.224 Thread 0x0000021014b6ea10 flushing  nmethod 0x000002101810d890
Event: 40.224 Thread 0x0000021014b6ea10 flushing  nmethod 0x0000021018133910
Event: 40.224 Thread 0x0000021014b6ea10 flushing  nmethod 0x0000021018134310
Event: 40.224 Thread 0x0000021014b6ea10 flushing  nmethod 0x0000021018139590
Event: 40.224 Thread 0x0000021014b6ea10 flushing  nmethod 0x0000021018139990
Event: 40.224 Thread 0x0000021014b6ea10 flushing  nmethod 0x0000021018166390
Event: 40.224 Thread 0x0000021014b6ea10 flushing  nmethod 0x0000021018166790
Event: 40.224 Thread 0x0000021014b6ea10 flushing  nmethod 0x0000021018166b90
Event: 40.224 Thread 0x0000021014b6ea10 flushing  nmethod 0x0000021018167510
Event: 40.224 Thread 0x0000021014b6ea10 flushing  nmethod 0x000002101816fa90
Event: 40.224 Thread 0x0000021014b6ea10 flushing  nmethod 0x0000021018170890
Event: 40.224 Thread 0x0000021014b6ea10 flushing  nmethod 0x0000021018174790
Event: 40.224 Thread 0x0000021014b6ea10 flushing  nmethod 0x0000021018176290
Event: 40.224 Thread 0x0000021014b6ea10 flushing  nmethod 0x0000021018178c90
Event: 40.224 Thread 0x0000021014b6ea10 flushing  nmethod 0x000002101817a210

Events (20 events):
Event: 36.579 Thread 0x0000021014acd180 Thread added: 0x00000210742fa9c0
Event: 36.579 Thread 0x0000021014acd180 Thread added: 0x00000210742fa330
Event: 36.579 Thread 0x0000021014acd180 Thread added: 0x0000021074a210c0
Event: 36.579 Thread 0x0000021014acd180 Thread added: 0x0000021074a21750
Event: 36.579 Thread 0x0000021014acd180 Thread added: 0x0000021074a1fd10
Event: 36.579 Thread 0x0000021014acd180 Thread added: 0x0000021074a203a0
Event: 36.579 Thread 0x0000021014acd180 Thread added: 0x0000021074a23820
Event: 36.612 Thread 0x0000021014acd180 Thread added: 0x0000021074a23eb0
Event: 36.828 Thread 0x0000021014acd180 Thread added: 0x0000021074a23190
Event: 36.828 Thread 0x0000021014acd180 Thread added: 0x0000021074a20a30
Event: 37.231 Thread 0x0000021074a20a30 Thread added: 0x0000021074a22b00
Event: 37.233 Thread 0x0000021074a20a30 Thread added: 0x0000021074a21de0
Event: 40.110 Thread 0x0000021073bc4630 Thread added: 0x0000021074a24540
Event: 40.189 Thread 0x0000021074a24540 Thread added: 0x0000021074a24bd0
Event: 40.251 Thread 0x0000021073069980 Thread added: 0x0000021074a258f0
Event: 40.255 Thread 0x0000021074a258f0 Thread added: 0x0000021074a25260
Event: 40.255 Thread 0x0000021074a258f0 Thread added: 0x0000021074a22470
Event: 40.257 Thread 0x0000021074a258f0 Thread exited: 0x0000021074a258f0
Event: 40.257 Thread 0x0000021074a22470 Thread exited: 0x0000021074a22470
Event: 40.257 Thread 0x0000021074a25260 Thread exited: 0x0000021074a25260


Dynamic libraries:
0x00007ff73eab0000 - 0x00007ff73eabe000 	c:\Users\alumne-DAM\.vscode\extensions\redhat.java-1.51.0-win32-x64\jre\21.0.9-win32-x86_64\bin\java.exe
0x00007ffb66520000 - 0x00007ffb66787000 	C:\WINDOWS\SYSTEM32\ntdll.dll
0x00007ffb652c0000 - 0x00007ffb65389000 	C:\WINDOWS\System32\KERNEL32.DLL
0x00007ffb63940000 - 0x00007ffb63d2f000 	C:\WINDOWS\System32\KERNELBASE.dll
0x00007ffb637c0000 - 0x00007ffb6390b000 	C:\WINDOWS\System32\ucrtbase.dll
0x00007ffb3f090000 - 0x00007ffb3f0a8000 	c:\Users\alumne-DAM\.vscode\extensions\redhat.java-1.51.0-win32-x64\jre\21.0.9-win32-x86_64\bin\jli.dll
0x00007ffb45aa0000 - 0x00007ffb45abe000 	c:\Users\alumne-DAM\.vscode\extensions\redhat.java-1.51.0-win32-x64\jre\21.0.9-win32-x86_64\bin\VCRUNTIME140.dll
0x00007ffb65090000 - 0x00007ffb65255000 	C:\WINDOWS\System32\USER32.dll
0x00007ffb4e850000 - 0x00007ffb4eae3000 	C:\WINDOWS\WinSxS\amd64_microsoft.windows.common-controls_6595b64144ccf1df_6.0.26100.7309_none_3e05feeae336a044\COMCTL32.dll
0x00007ffb63910000 - 0x00007ffb63937000 	C:\WINDOWS\System32\win32u.dll
0x00007ffb660b0000 - 0x00007ffb66159000 	C:\WINDOWS\System32\msvcrt.dll
0x00007ffb65e40000 - 0x00007ffb65e6b000 	C:\WINDOWS\System32\GDI32.dll
0x00007ffb64190000 - 0x00007ffb642bc000 	C:\WINDOWS\System32\gdi32full.dll
0x00007ffb64030000 - 0x00007ffb640d3000 	C:\WINDOWS\System32\msvcp_win.dll
0x00007ffb65260000 - 0x00007ffb65291000 	C:\WINDOWS\System32\IMM32.DLL
0x00007ffb4a5c0000 - 0x00007ffb4a5cc000 	c:\Users\alumne-DAM\.vscode\extensions\redhat.java-1.51.0-win32-x64\jre\21.0.9-win32-x86_64\bin\vcruntime140_1.dll
0x00007ffb0d7d0000 - 0x00007ffb0d85d000 	c:\Users\alumne-DAM\.vscode\extensions\redhat.java-1.51.0-win32-x64\jre\21.0.9-win32-x86_64\bin\msvcp140.dll
0x00007ffab58e0000 - 0x00007ffab6680000 	c:\Users\alumne-DAM\.vscode\extensions\redhat.java-1.51.0-win32-x64\jre\21.0.9-win32-x86_64\bin\server\jvm.dll
0x00007ffb65ff0000 - 0x00007ffb660a4000 	C:\WINDOWS\System32\ADVAPI32.dll
0x00007ffb64fe0000 - 0x00007ffb65086000 	C:\WINDOWS\System32\sechost.dll
0x00007ffb65390000 - 0x00007ffb654a8000 	C:\WINDOWS\System32\RPCRT4.dll
0x00007ffb663c0000 - 0x00007ffb66434000 	C:\WINDOWS\System32\WS2_32.dll
0x00007ffb634d0000 - 0x00007ffb6352e000 	C:\WINDOWS\SYSTEM32\POWRPROF.dll
0x00007ffb59cb0000 - 0x00007ffb59cbb000 	C:\WINDOWS\SYSTEM32\VERSION.dll
0x00007ffb4f790000 - 0x00007ffb4f7c5000 	C:\WINDOWS\SYSTEM32\WINMM.dll
0x00007ffb634b0000 - 0x00007ffb634c4000 	C:\WINDOWS\SYSTEM32\UMPDC.dll
0x00007ffb623e0000 - 0x00007ffb623fb000 	C:\WINDOWS\SYSTEM32\kernel.appcore.dll
0x00007ffb4acf0000 - 0x00007ffb4acfa000 	c:\Users\alumne-DAM\.vscode\extensions\redhat.java-1.51.0-win32-x64\jre\21.0.9-win32-x86_64\bin\jimage.dll
0x00007ffb4f4e0000 - 0x00007ffb4f722000 	C:\WINDOWS\SYSTEM32\DBGHELP.DLL
0x00007ffb642c0000 - 0x00007ffb64646000 	C:\WINDOWS\System32\combase.dll
0x00007ffb66190000 - 0x00007ffb66266000 	C:\WINDOWS\System32\OLEAUT32.dll
0x00007ffb4b4f0000 - 0x00007ffb4b52c000 	C:\WINDOWS\SYSTEM32\dbgcore.DLL
0x00007ffb640e0000 - 0x00007ffb64185000 	C:\WINDOWS\System32\bcryptPrimitives.dll
0x00007ffb3edd0000 - 0x00007ffb3eddf000 	c:\Users\alumne-DAM\.vscode\extensions\redhat.java-1.51.0-win32-x64\jre\21.0.9-win32-x86_64\bin\instrument.dll
0x00007ffb3ecf0000 - 0x00007ffb3ed10000 	c:\Users\alumne-DAM\.vscode\extensions\redhat.java-1.51.0-win32-x64\jre\21.0.9-win32-x86_64\bin\java.dll
0x00007ffb64660000 - 0x00007ffb64db3000 	C:\WINDOWS\System32\SHELL32.dll
0x00007ffb63ec0000 - 0x00007ffb6402a000 	C:\WINDOWS\System32\wintypes.dll
0x00007ffb61250000 - 0x00007ffb61aae000 	C:\WINDOWS\SYSTEM32\windows.storage.dll
0x00007ffb65ef0000 - 0x00007ffb65fe5000 	C:\WINDOWS\System32\SHCORE.dll
0x00007ffb65bf0000 - 0x00007ffb65c56000 	C:\WINDOWS\System32\shlwapi.dll
0x00007ffb63590000 - 0x00007ffb635b9000 	C:\WINDOWS\SYSTEM32\profapi.dll
0x00007ffb3eba0000 - 0x00007ffb3ebb8000 	c:\Users\alumne-DAM\.vscode\extensions\redhat.java-1.51.0-win32-x64\jre\21.0.9-win32-x86_64\bin\zip.dll
0x00007ffb3dd30000 - 0x00007ffb3dd40000 	C:\Users\alumne-DAM\.vscode\extensions\redhat.java-1.51.0-win32-x64\jre\21.0.9-win32-x86_64\bin\net.dll
0x00007ffb5d5e0000 - 0x00007ffb5d708000 	C:\WINDOWS\SYSTEM32\WINHTTP.dll
0x00007ffb62930000 - 0x00007ffb6299b000 	C:\WINDOWS\system32\mswsock.dll
0x00007ffb3dc40000 - 0x00007ffb3dc56000 	C:\Users\alumne-DAM\.vscode\extensions\redhat.java-1.51.0-win32-x64\jre\21.0.9-win32-x86_64\bin\nio.dll
0x00007ffb3a720000 - 0x00007ffb3a730000 	c:\Users\alumne-DAM\.vscode\extensions\redhat.java-1.51.0-win32-x64\jre\21.0.9-win32-x86_64\bin\verify.dll
0x00007ffb4b360000 - 0x00007ffb4b3a4000 	C:\Users\alumne-DAM\AppData\Roaming\Code\User\globalStorage\redhat.java\1.51.0\config_ss_win\org.eclipse.equinox.launcher\org.eclipse.equinox.launcher.win32.win32.x86_64_1.2.1400.v20250801-0854\eclipse_11916.dll
0x00007ffb64e40000 - 0x00007ffb64fd7000 	C:\WINDOWS\System32\ole32.dll
0x00007ffb605a0000 - 0x00007ffb605aa000 	C:\Users\alumne-DAM\.vscode\extensions\redhat.java-1.51.0-win32-x64\jre\21.0.9-win32-x86_64\bin\management.dll
0x00007ffb5ed00000 - 0x00007ffb5ed0c000 	C:\Users\alumne-DAM\.vscode\extensions\redhat.java-1.51.0-win32-x64\jre\21.0.9-win32-x86_64\bin\management_ext.dll
0x00007ffb664d0000 - 0x00007ffb664d8000 	C:\WINDOWS\System32\PSAPI.DLL
0x00007ffb62d20000 - 0x00007ffb62d3b000 	C:\WINDOWS\SYSTEM32\CRYPTSP.dll
0x00007ffb62340000 - 0x00007ffb6237a000 	C:\WINDOWS\system32\rsaenh.dll
0x00007ffb629e0000 - 0x00007ffb62a0b000 	C:\WINDOWS\SYSTEM32\USERENV.dll
0x00007ffb63560000 - 0x00007ffb6358a000 	C:\WINDOWS\SYSTEM32\bcrypt.dll
0x00007ffb62b80000 - 0x00007ffb62b8c000 	C:\WINDOWS\SYSTEM32\CRYPTBASE.dll
0x00007ffb61dd0000 - 0x00007ffb61e04000 	C:\WINDOWS\SYSTEM32\IPHLPAPI.DLL
0x00007ffb652b0000 - 0x00007ffb652ba000 	C:\WINDOWS\System32\NSI.dll
0x00007ffb3bde0000 - 0x00007ffb3be29000 	C:\Users\alumne-DAM\AppData\Local\Temp\jna--570604515\jna10296443169304855177.dll
0x00007ffb5d210000 - 0x00007ffb5d22e000 	C:\WINDOWS\SYSTEM32\dhcpcsvc6.DLL
0x00007ffb5d080000 - 0x00007ffb5d0a3000 	C:\WINDOWS\SYSTEM32\dhcpcsvc.DLL

JVMTI agents:
c:\Users\alumne-DAM\.vscode\extensions\redhat.java-1.51.0-win32-x64\lombok\lombok-1.18.39-4050.jar path:c:\Users\alumne-DAM\.vscode\extensions\redhat.java-1.51.0-win32-x64\jre\21.0.9-win32-x86_64\bin\instrument.dll, loaded, initialized, instrumentlib options:none

dbghelp: loaded successfully - version: 4.0.5 - missing functions: none
symbol engine: initialized successfully - sym options: 0x614 - pdb path: .;c:\Users\alumne-DAM\.vscode\extensions\redhat.java-1.51.0-win32-x64\jre\21.0.9-win32-x86_64\bin;C:\WINDOWS\SYSTEM32;C:\WINDOWS\WinSxS\amd64_microsoft.windows.common-controls_6595b64144ccf1df_6.0.26100.7309_none_3e05feeae336a044;c:\Users\alumne-DAM\.vscode\extensions\redhat.java-1.51.0-win32-x64\jre\21.0.9-win32-x86_64\bin\server;C:\Users\alumne-DAM\AppData\Roaming\Code\User\globalStorage\redhat.java\1.51.0\config_ss_win\org.eclipse.equinox.launcher\org.eclipse.equinox.launcher.win32.win32.x86_64_1.2.1400.v20250801-0854;C:\Users\alumne-DAM\AppData\Local\Temp\jna--570604515

VM Arguments:
jvm_args: --add-modules=ALL-SYSTEM --add-opens=java.base/java.util=ALL-UNNAMED --add-opens=java.base/java.lang=ALL-UNNAMED --add-opens=java.base/sun.nio.fs=ALL-UNNAMED -Declipse.application=org.eclipse.jdt.ls.core.id1 -Dosgi.bundles.defaultStartLevel=4 -Declipse.product=org.eclipse.jdt.ls.core.product -Djava.import.generatesMetadataFilesAtProjectRoot=false -DDetectVMInstallationsJob.disabled=true -Dfile.encoding=utf8 -XX:+UseParallelGC -XX:GCTimeRatio=4 -XX:AdaptiveSizePolicyWeight=90 -Dsun.zip.disableMemoryMapping=true -Xmx2G -Xms100m -Xlog:disable -javaagent:c:\Users\alumne-DAM\.vscode\extensions\redhat.java-1.51.0-win32-x64\lombok\lombok-1.18.39-4050.jar 
java_command: c:\Users\alumne-DAM\.vscode\extensions\redhat.java-1.51.0-win32-x64\server\plugins\org.eclipse.equinox.launcher_1.7.100.v20251111-0406.jar -configuration c:\Users\alumne-DAM\AppData\Roaming\Code\User\globalStorage\redhat.java\1.51.0\config_ss_win -data c:\Users\alumne-DAM\AppData\Roaming\Code\User\workspaceStorage\c5f99d8daf878e750fdb94c9f4644d15\redhat.java\ss_ws --pipe=\\.\pipe\lsp-a8226d257aa41a90bb9ed6e5e19896ab-sock
java_class_path (initial): c:\Users\alumne-DAM\.vscode\extensions\redhat.java-1.51.0-win32-x64\server\plugins\org.eclipse.equinox.launcher_1.7.100.v20251111-0406.jar
Launcher Type: SUN_STANDARD

[Global flags]
    uintx AdaptiveSizePolicyWeight                 = 90                                        {product} {command line}
     intx CICompilerCount                          = 4                                         {product} {ergonomic}
    uintx GCTimeRatio                              = 4                                         {product} {command line}
   size_t InitialHeapSize                          = 104857600                                 {product} {command line}
   size_t MaxHeapSize                              = 2147483648                                {product} {command line}
   size_t MaxNewSize                               = 715653120                                 {product} {ergonomic}
   size_t MinHeapDeltaBytes                        = 524288                                    {product} {ergonomic}
   size_t MinHeapSize                              = 104857600                                 {product} {command line}
   size_t NewSize                                  = 34603008                                  {product} {ergonomic}
    uintx NonNMethodCodeHeapSize                   = 5839372                                {pd product} {ergonomic}
    uintx NonProfiledCodeHeapSize                  = 122909434                              {pd product} {ergonomic}
   size_t OldSize                                  = 70254592                                  {product} {ergonomic}
    uintx ProfiledCodeHeapSize                     = 122909434                              {pd product} {ergonomic}
    uintx ReservedCodeCacheSize                    = 251658240                              {pd product} {ergonomic}
     bool SegmentedCodeCache                       = true                                      {product} {ergonomic}
   size_t SoftMaxHeapSize                          = 2147483648                             {manageable} {ergonomic}
     bool UseCompressedOops                        = true                           {product lp64_product} {ergonomic}
     bool UseLargePagesIndividualAllocation        = false                                  {pd product} {ergonomic}
     bool UseParallelGC                            = true                                      {product} {command line}

Logging:
Log output configuration:
 #0: stdout all=off uptime,level,tags foldmultilines=false
 #1: stderr all=off uptime,level,tags foldmultilines=false

Release file:
JAVA_VERSION="21.0.9" 
MODULES="java.base java.compiler java.datatransfer java.xml java.prefs java.desktop java.instrument java.logging java.management java.security.sasl java.naming java.rmi java.management.rmi java.net.http java.scripting java.security.jgss java.transaction.xa java.sql java.sql.rowset java.xml.crypto java.se java.smartcardio jdk.accessibility jdk.internal.jvmstat jdk.attach jdk.charsets jdk.internal.opt jdk.zipfs jdk.compiler jdk.crypto.ec jdk.crypto.cryptoki jdk.crypto.mscapi jdk.dynalink jdk.internal.ed jdk.editpad jdk.hotspot.agent jdk.httpserver jdk.internal.le jdk.internal.vm.ci jdk.internal.vm.compiler jdk.internal.vm.compiler.management jdk.jartool jdk.javadoc jdk.jcmd jdk.management jdk.management.agent jdk.jconsole jdk.jdeps jdk.jdwp.agent jdk.jdi jdk.jfr jdk.jshell jdk.jsobject jdk.jstatd jdk.localedata jdk.management.jfr jdk.naming.dns jdk.naming.rmi jdk.net jdk.nio.mapmode jdk.random jdk.sctp jdk.security.auth jdk.security.jgss jdk.unsupported jdk.unsupported.desktop jdk.xml.dom" 

Environment Variables:
JAVA_HOME=C:\Program Files\Eclipse Adoptium\jdk-17.0.16.8-hotspot\
PATH=C:\Program Files\Common Files\Oracle\Java\javapath;C:\Program Files\Eclipse Adoptium\jdk-17.0.16.8-hotspot\bin;C:\WINDOWS\system32;C:\WINDOWS;C:\WINDOWS\System32\Wbem;C:\WINDOWS\System32\WindowsPowerShell\v1.0\;C:\WINDOWS\System32\OpenSSH\;C:\Program Files\dotnet\;C:\WINDOWS\system32\config\systemprofile\AppData\Local\Muse Hub\lib;C:\Program Files (x86)\Windows Kits\10\Windows Performance Toolkit\;C:\Program Files\Docker\Docker\resources\bin;C:\Program Files\Git\cmd;C:\Users\alumne-DAM\AppData\Local\Microsoft\WindowsApps;C:\Users\alumne-DAM\AppData\Local\Programs\Microsoft VS Code\bin;C:\Users\alumne-DAM\AppData\Local\Programs\Git\cmd;C:\Users\alumne-DAM\AppData\Local\Muse Hub\lib
USERNAME=alumne-DAM
OS=Windows_NT
PROCESSOR_IDENTIFIER=Intel64 Family 6 Model 167 Stepping 1, GenuineIntel
TMP=C:\Users\ALUMNE~1\AppData\Local\Temp
TEMP=C:\Users\ALUMNE~1\AppData\Local\Temp




Periodic native trim disabled

---------------  S Y S T E M  ---------------

OS:
 Windows 11 , 64 bit Build 26100 (10.0.26100.7623)
OS uptime: 0 days 3:32 hours
Hyper-V role detected

CPU: total 12 (initial active 12) (6 cores per cpu, 2 threads per core) family 6 model 167 stepping 1 microcode 0x40, cx8, cmov, fxsr, ht, mmx, 3dnowpref, sse, sse2, sse3, ssse3, sse4.1, sse4.2, popcnt, lzcnt, tsc, tscinvbit, avx, avx2, aes, erms, clmul, bmi1, bmi2, adx, avx512f, avx512dq, avx512cd, avx512bw, avx512vl, sha, fma, vzeroupper, avx512_vpopcntdq, avx512_vpclmulqdq, avx512_vaes, avx512_vnni, clflush, clflushopt, avx512_vbmi2, avx512_vbmi, hv, rdtscp, rdpid, fsrm, gfni, avx512_bitalg, f16c, avx512_ifma
Processor Information for the first 12 processors :
  Max Mhz: 2592, Current Mhz: 2592, Mhz Limit: 2592

Memory: 4k page, system-wide physical 16181M (2525M free)
TotalPageFile size 65333M (AvailPageFile size 2M)
current process WorkingSet (physical memory assigned to process): 235M, peak: 238M
current process commit charge ("private bytes"): 353M, peak: 357M

vm_info: OpenJDK 64-Bit Server VM (21.0.9+10-LTS) for windows-amd64 JRE (21.0.9+10-LTS), built on 2025-10-21T00:00:00Z by "admin" with unknown MS VC++:1942

END.
