#
# There is insufficient memory for the Java Runtime Environment to continue.
# Native memory allocation (malloc) failed to allocate 1514256 bytes. Error detail: Chunk::new
# Possible reasons:
#   The system is out of physical RAM or swap space
#   This process is running with CompressedOops enabled, and the Java Heap may be blocking the growth of the native heap
# Possible solutions:
#   Reduce memory load on the system
#   Increase physical memory or swap space
#   Check if swap backing store is full
#   Decrease Java heap size (-Xmx/-Xms)
#   Decrease number of Java threads
#   Decrease Java thread stack sizes (-Xss)
#   Set larger code cache with -XX:ReservedCodeCacheSize=
#   JVM is running with Unscaled Compressed Oops mode in which the Java heap is
#     placed in the first 4GB address space. The Java Heap base address is the
#     maximum limit for the native heap growth. Please use -XX:HeapBaseMinAddress
#     to set the Java Heap base and to place the Java Heap above 4GB virtual address.
# This output file may be truncated or incomplete.
#
#  Out of Memory Error (arena.cpp:168), pid=7232, tid=11852
#
# JRE version: OpenJDK Runtime Environment Temurin-21.0.9+10 (21.0.9+10) (build 21.0.9+10-LTS)
# Java VM: OpenJDK 64-Bit Server VM Temurin-21.0.9+10 (21.0.9+10-LTS, mixed mode, sharing, tiered, compressed oops, compressed class ptrs, parallel gc, windows-amd64)
# No core dump will be written. Minidumps are not enabled by default on client versions of Windows
#

---------------  S U M M A R Y ------------

Command Line: --add-modules=ALL-SYSTEM --add-opens=java.base/java.util=ALL-UNNAMED --add-opens=java.base/java.lang=ALL-UNNAMED --add-opens=java.base/sun.nio.fs=ALL-UNNAMED -Declipse.application=org.eclipse.jdt.ls.core.id1 -Dosgi.bundles.defaultStartLevel=4 -Declipse.product=org.eclipse.jdt.ls.core.product -Djava.import.generatesMetadataFilesAtProjectRoot=false -DDetectVMInstallationsJob.disabled=true -Dfile.encoding=utf8 -XX:+UseParallelGC -XX:GCTimeRatio=4 -XX:AdaptiveSizePolicyWeight=90 -Dsun.zip.disableMemoryMapping=true -Xmx2G -Xms100m -Xlog:disable -javaagent:c:\Users\alumne-DAM\.vscode\extensions\redhat.java-1.51.0-win32-x64\lombok\lombok-1.18.39-4050.jar c:\Users\alumne-DAM\.vscode\extensions\redhat.java-1.51.0-win32-x64\server\plugins\org.eclipse.equinox.launcher_1.7.100.v20251111-0406.jar -configuration c:\Users\alumne-DAM\AppData\Roaming\Code\User\globalStorage\redhat.java\1.51.0\config_ss_win -data c:\Users\alumne-DAM\AppData\Roaming\Code\User\workspaceStorage\c5f99d8daf878e750fdb94c9f4644d15\redhat.java\ss_ws --pipe=\\.\pipe\lsp-3e8f0426eaf6678f2aca70d99b6efc67-sock

Host: 11th Gen Intel(R) Core(TM) i5-11400 @ 2.60GHz, 12 cores, 15G,  Windows 11 , 64 bit Build 26100 (10.0.26100.7623)
Time: Wed Jan 28 19:22:37 2026 Hora estándar romance elapsed time: 8.360277 seconds (0d 0h 0m 8s)

---------------  T H R E A D  ---------------

Current thread (0x000002391971ad20):  JavaThread "C2 CompilerThread0" daemon [_thread_in_native, id=11852, stack(0x0000006be5400000,0x0000006be5500000) (1024K)]


Current CompileTask:
C2:8360 2633       4       java.lang.invoke.MethodType::makeImpl (109 bytes)

Stack: [0x0000006be5400000,0x0000006be5500000]
Native frames: (J=compiled Java code, j=interpreted, Vv=VM code, C=native code)
V  [jvm.dll+0x6d6e29]
V  [jvm.dll+0x8b4b76]
V  [jvm.dll+0x8b712e]
V  [jvm.dll+0x8b7813]
V  [jvm.dll+0x283d86]
V  [jvm.dll+0xc66ed]
V  [jvm.dll+0xc6c31]
V  [jvm.dll+0x3be501]
V  [jvm.dll+0x38ab92]
V  [jvm.dll+0x389fda]
V  [jvm.dll+0x24bfa0]
V  [jvm.dll+0x24b580]
V  [jvm.dll+0x1cb13e]
V  [jvm.dll+0x25b29d]
V  [jvm.dll+0x25982a]
V  [jvm.dll+0x3f7ea6]
V  [jvm.dll+0x85e9ad]
V  [jvm.dll+0x6d565d]
C  [ucrtbase.dll+0x37b0]
C  [KERNEL32.DLL+0x2e8d7]
C  [ntdll.dll+0x8c53c]


---------------  P R O C E S S  ---------------

Threads class SMR info:
_java_thread_list=0x0000023973445b10, length=20, elements={
0x000002391965f370, 0x0000023919703380, 0x00000239197053f0, 0x0000023919707a20,
0x00000239197086f0, 0x000002391970bc00, 0x0000023919711100, 0x000002391971ad20,
0x000002391971d590, 0x000002397265a2e0, 0x00000239727a50a0, 0x000002397394bfa0,
0x000002397819eff0, 0x000002397819f650, 0x0000023972564c30, 0x0000023978249ca0,
0x000002397832fd00, 0x0000023973acc460, 0x00000239724c7860, 0x0000023978adae00
}

Java Threads: ( => current thread )
  0x000002391965f370 JavaThread "main"                              [_thread_blocked, id=17928, stack(0x0000006be4a00000,0x0000006be4b00000) (1024K)]
  0x0000023919703380 JavaThread "Reference Handler"          daemon [_thread_blocked, id=18352, stack(0x0000006be4e00000,0x0000006be4f00000) (1024K)]
  0x00000239197053f0 JavaThread "Finalizer"                  daemon [_thread_blocked, id=10200, stack(0x0000006be4f00000,0x0000006be5000000) (1024K)]
  0x0000023919707a20 JavaThread "Signal Dispatcher"          daemon [_thread_blocked, id=14468, stack(0x0000006be5000000,0x0000006be5100000) (1024K)]
  0x00000239197086f0 JavaThread "Attach Listener"            daemon [_thread_blocked, id=17776, stack(0x0000006be5100000,0x0000006be5200000) (1024K)]
  0x000002391970bc00 JavaThread "Service Thread"             daemon [_thread_blocked, id=15712, stack(0x0000006be5200000,0x0000006be5300000) (1024K)]
  0x0000023919711100 JavaThread "Monitor Deflation Thread"   daemon [_thread_blocked, id=1416, stack(0x0000006be5300000,0x0000006be5400000) (1024K)]
=>0x000002391971ad20 JavaThread "C2 CompilerThread0"         daemon [_thread_in_native, id=11852, stack(0x0000006be5400000,0x0000006be5500000) (1024K)]
  0x000002391971d590 JavaThread "C1 CompilerThread0"         daemon [_thread_blocked, id=2156, stack(0x0000006be5500000,0x0000006be5600000) (1024K)]
  0x000002397265a2e0 JavaThread "Common-Cleaner"             daemon [_thread_blocked, id=13040, stack(0x0000006be5700000,0x0000006be5800000) (1024K)]
  0x00000239727a50a0 JavaThread "Notification Thread"        daemon [_thread_blocked, id=15932, stack(0x0000006be5800000,0x0000006be5900000) (1024K)]
  0x000002397394bfa0 JavaThread "Active Thread: Equinox Container: 18eba928-b8ad-44ed-934b-06ff6b8fa91c"        [_thread_blocked, id=16324, stack(0x0000006be6000000,0x0000006be6100000) (1024K)]
  0x000002397819eff0 JavaThread "Framework Event Dispatcher: Equinox Container: 18eba928-b8ad-44ed-934b-06ff6b8fa91c" daemon [_thread_blocked, id=17976, stack(0x0000006be6100000,0x0000006be6200000) (1024K)]
  0x000002397819f650 JavaThread "Start Level: Equinox Container: 18eba928-b8ad-44ed-934b-06ff6b8fa91c" daemon [_thread_in_vm, id=7896, stack(0x0000006be6200000,0x0000006be6300000) (1024K)]
  0x0000023972564c30 JavaThread "SCR Component Actor"        daemon [_thread_blocked, id=11476, stack(0x0000006be5600000,0x0000006be5700000) (1024K)]
  0x0000023978249ca0 JavaThread "Worker-JM"                         [_thread_blocked, id=11984, stack(0x0000006be6500000,0x0000006be6600000) (1024K)]
  0x000002397832fd00 JavaThread "JNA Cleaner"                daemon [_thread_blocked, id=7352, stack(0x0000006be5900000,0x0000006be5a00000) (1024K)]
  0x0000023973acc460 JavaThread "Worker-0"                          [_thread_blocked, id=1208, stack(0x0000006be6400000,0x0000006be6500000) (1024K)]
  0x00000239724c7860 JavaThread "Worker-1: Refreshing workspace"        [_thread_in_native, id=1368, stack(0x0000006be6800000,0x0000006be6900000) (1024K)]
  0x0000023978adae00 JavaThread "Worker-2"                          [_thread_blocked, id=14040, stack(0x0000006be6900000,0x0000006be6a00000) (1024K)]
Total: 20

Other Threads:
  0x00000239196fea50 VMThread "VM Thread"                           [id=16844, stack(0x0000006be4d00000,0x0000006be4e00000) (1024K)]
  0x00000239196cce00 WatcherThread "VM Periodic Task Thread"        [id=12108, stack(0x0000006be4c00000,0x0000006be4d00000) (1024K)]
  0x000002391967f280 WorkerThread "GC Thread#0"                     [id=12916, stack(0x0000006be4b00000,0x0000006be4c00000) (1024K)]
  0x000002397397d470 WorkerThread "GC Thread#1"                     [id=18148, stack(0x0000006be5a00000,0x0000006be5b00000) (1024K)]
  0x000002397397d810 WorkerThread "GC Thread#2"                     [id=5140, stack(0x0000006be5b00000,0x0000006be5c00000) (1024K)]
  0x000002397397dbb0 WorkerThread "GC Thread#3"                     [id=17592, stack(0x0000006be5c00000,0x0000006be5d00000) (1024K)]
  0x0000023973864b30 WorkerThread "GC Thread#4"                     [id=16424, stack(0x0000006be5d00000,0x0000006be5e00000) (1024K)]
  0x0000023973864ed0 WorkerThread "GC Thread#5"                     [id=12268, stack(0x0000006be5e00000,0x0000006be5f00000) (1024K)]
  0x0000023973865270 WorkerThread "GC Thread#6"                     [id=15136, stack(0x0000006be5f00000,0x0000006be6000000) (1024K)]
  0x00000239780872e0 WorkerThread "GC Thread#7"                     [id=18056, stack(0x0000006be6300000,0x0000006be6400000) (1024K)]
  0x0000023978086f40 WorkerThread "GC Thread#8"                     [id=2076, stack(0x0000006be6600000,0x0000006be6700000) (1024K)]
  0x0000023978087a20 WorkerThread "GC Thread#9"                     [id=18360, stack(0x0000006be6700000,0x0000006be6800000) (1024K)]
Total: 12

Threads with active compile tasks:
C2 CompilerThread0  8373 2633       4       java.lang.invoke.MethodType::makeImpl (109 bytes)
Total: 1

VM state: not at safepoint (normal execution)

VM Mutex/Monitor currently owned by a thread: None

Heap address: 0x0000000080000000, size: 2048 MB, Compressed Oops mode: 32-bit

CDS archive(s) mapped at: [0x0000023930000000-0x0000023930ba0000-0x0000023930ba0000), size 12189696, SharedBaseAddress: 0x0000023930000000, ArchiveRelocationMode: 1.
Compressed class space mapped at: 0x0000023931000000-0x0000023971000000, reserved size: 1073741824
Narrow klass base: 0x0000023930000000, Narrow klass shift: 0, Narrow klass range: 0x100000000

GC Precious Log:
 CardTable entry size: 512
 CPUs: 12 total, 12 available
 Memory: 16181M
 Large Page Support: Disabled
 NUMA Support: Disabled
 Compressed Oops: Enabled (32-bit)
 Alignments: Space 512K, Generation 512K, Heap 2M
 Heap Min Capacity: 100M
 Heap Initial Capacity: 100M
 Heap Max Capacity: 2G
 Pre-touch: Disabled
 Parallel Workers: 10

Heap:
 PSYoungGen      total 29696K, used 20579K [0x00000000d5580000, 0x00000000d7680000, 0x0000000100000000)
  eden space 25600K, 64% used [0x00000000d5580000,0x00000000d659c928,0x00000000d6e80000)
  from space 4096K, 99% used [0x00000000d7280000,0x00000000d767c3a0,0x00000000d7680000)
  to   space 4096K, 0% used [0x00000000d6e80000,0x00000000d6e80000,0x00000000d7280000)
 ParOldGen       total 68608K, used 5012K [0x0000000080000000, 0x0000000084300000, 0x00000000d5580000)
  object space 68608K, 7% used [0x0000000080000000,0x00000000804e51b8,0x0000000084300000)
 Metaspace       used 18248K, committed 18944K, reserved 1114112K
  class space    used 1858K, committed 2176K, reserved 1048576K

Card table byte_map: [0x0000023919000000,0x0000023919410000] _byte_map_base: 0x0000023918c00000

Marking Bits: (ParMarkBitMap*) 0x00007ffab65a2460
 Begin Bits: [0x000002392bb10000, 0x000002392db10000)
 End Bits:   [0x000002392db10000, 0x000002392fb10000)

Polling page: 0x0000023917440000

Metaspace:

Usage:
  Non-class:     16.01 MB used.
      Class:      1.81 MB used.
       Both:     17.82 MB used.

Virtual space:
  Non-class space:       64.00 MB reserved,      16.38 MB ( 26%) committed,  1 nodes.
      Class space:        1.00 GB reserved,       2.12 MB ( <1%) committed,  1 nodes.
             Both:        1.06 GB reserved,      18.50 MB (  2%) committed. 

Chunk freelists:
   Non-Class:  15.29 MB
       Class:  13.73 MB
        Both:  29.02 MB

MaxMetaspaceSize: unlimited
CompressedClassSpaceSize: 1.00 GB
Initial GC threshold: 21.00 MB
Current GC threshold: 21.00 MB
CDS: on
 - commit_granule_bytes: 65536.
 - commit_granule_words: 8192.
 - virtual_space_node_default_size: 8388608.
 - enlarge_chunks_in_place: 1.
 - use_allocation_guard: 0.


Internal statistics:

num_allocs_failed_limit: 0.
num_arena_births: 478.
num_arena_deaths: 0.
num_vsnodes_births: 2.
num_vsnodes_deaths: 0.
num_space_committed: 296.
num_space_uncommitted: 0.
num_chunks_returned_to_freelist: 0.
num_chunks_taken_from_freelist: 1152.
num_chunk_merges: 0.
num_chunk_splits: 742.
num_chunks_enlarged: 477.
num_inconsistent_stats: 0.

CodeHeap 'non-profiled nmethods': size=120000Kb used=1164Kb max_used=1164Kb free=118835Kb
 bounds [0x0000023924330000, 0x00000239245a0000, 0x000002392b860000]
CodeHeap 'profiled nmethods': size=120000Kb used=5162Kb max_used=5162Kb free=114837Kb
 bounds [0x000002391c860000, 0x000002391cd70000, 0x0000023923d90000]
CodeHeap 'non-nmethods': size=5760Kb used=1284Kb max_used=1301Kb free=4475Kb
 bounds [0x0000023923d90000, 0x0000023924000000, 0x0000023924330000]
CodeCache: size=245760Kb, used=7610Kb, max_used=7627Kb, free=238147Kb
 total_blobs=3273, nmethods=2721, adapters=458, full_count=0
Compilation: enabled, stopped_count=0, restarted_count=0

Compilation events (20 events):
Event: 7.334 Thread 0x00000239738b2a30 nmethod 2701 0x000002392444de90 code [0x000002392444e080, 0x000002392444e5c8]
Event: 7.334 Thread 0x00000239738b2a30 2694       4       org.lombokweb.asm.ClassReader::readClass (7 bytes)
Event: 7.336 Thread 0x00000239738af3b0 nmethod 2683 0x000002392444e990 code [0x000002392444eb40, 0x000002392444ee18]
Event: 7.337 Thread 0x00000239738af3b0 2700       4       org.lombokweb.asm.SymbolTable$Entry::<init> (20 bytes)
Event: 7.338 Thread 0x00000239738af3b0 nmethod 2700 0x000002392444f090 code [0x000002392444f220, 0x000002392444f2f0]
Event: 7.338 Thread 0x00000239738af3b0 2702       4       org.lombokweb.asm.SymbolTable::hash (20 bytes)
Event: 7.340 Thread 0x00000239738af3b0 nmethod 2702 0x000002392444f390 code [0x000002392444f540, 0x000002392444f808]
Event: 7.340 Thread 0x00000239738af3b0 2706       4       org.lombokweb.asm.SymbolTable::addConstantMemberReference (29 bytes)
Event: 7.345 Thread 0x00000239738af3b0 nmethod 2706 0x000002392444fa90 code [0x000002392444fc60, 0x0000023924450138]
Event: 7.345 Thread 0x00000239738af3b0 2713       4       org.lombokweb.asm.SymbolTable$Entry::<init> (18 bytes)
Event: 7.345 Thread 0x00000239738af3b0 nmethod 2713 0x0000023924450590 code [0x0000023924450720, 0x00000239244507e0]
Event: 7.345 Thread 0x00000239738af3b0 2714       4       org.lombokweb.asm.SymbolTable::addConstantNameAndType (28 bytes)
Event: 7.348 Thread 0x00000239738b2a30 nmethod 2694 0x0000023924450890 code [0x0000023924450a80, 0x00000239244515b8]
Event: 7.349 Thread 0x00000239738af3b0 nmethod 2714 0x0000023924451c10 code [0x0000023924451de0, 0x00000239244521b0]
Event: 7.349 Thread 0x00000239738b2a30 2693       4       java.lang.Character::charCount (12 bytes)
Event: 7.349 Thread 0x00000239738b2a30 nmethod 2693 0x0000023924452510 code [0x00000239244526a0, 0x0000023924452728]
Event: 7.865 Thread 0x000002391971d590 2722       3       jdk.internal.misc.Unsafe::putReferenceOpaque (9 bytes)
Event: 7.866 Thread 0x000002391971d590 nmethod 2722 0x000002391cd69290 code [0x000002391cd69420, 0x000002391cd69550]
Event: 7.916 Thread 0x000002391971d590 2723       3       java.util.concurrent.locks.LockSupport::setBlocker (12 bytes)
Event: 7.917 Thread 0x000002391971d590 nmethod 2723 0x000002391cd69610 code [0x000002391cd697c0, 0x000002391cd699c8]

GC Heap History (8 events):
Event: 0.626 GC heap before
{Heap before GC invocations=1 (full 0):
 PSYoungGen      total 29696K, used 25600K [0x00000000d5580000, 0x00000000d7680000, 0x0000000100000000)
  eden space 25600K, 100% used [0x00000000d5580000,0x00000000d6e80000,0x00000000d6e80000)
  from space 4096K, 0% used [0x00000000d7280000,0x00000000d7280000,0x00000000d7680000)
  to   space 4096K, 0% used [0x00000000d6e80000,0x00000000d6e80000,0x00000000d7280000)
 ParOldGen       total 68608K, used 0K [0x0000000080000000, 0x0000000084300000, 0x00000000d5580000)
  object space 68608K, 0% used [0x0000000080000000,0x0000000080000000,0x0000000084300000)
 Metaspace       used 4320K, committed 4544K, reserved 1114112K
  class space    used 472K, committed 576K, reserved 1048576K
}
Event: 0.629 GC heap after
{Heap after GC invocations=1 (full 0):
 PSYoungGen      total 29696K, used 3287K [0x00000000d5580000, 0x00000000d7680000, 0x0000000100000000)
  eden space 25600K, 0% used [0x00000000d5580000,0x00000000d5580000,0x00000000d6e80000)
  from space 4096K, 80% used [0x00000000d6e80000,0x00000000d71b5ea8,0x00000000d7280000)
  to   space 4096K, 0% used [0x00000000d7280000,0x00000000d7280000,0x00000000d7680000)
 ParOldGen       total 68608K, used 16K [0x0000000080000000, 0x0000000084300000, 0x00000000d5580000)
  object space 68608K, 0% used [0x0000000080000000,0x0000000080004000,0x0000000084300000)
 Metaspace       used 4320K, committed 4544K, reserved 1114112K
  class space    used 472K, committed 576K, reserved 1048576K
}
Event: 1.135 GC heap before
{Heap before GC invocations=2 (full 0):
 PSYoungGen      total 29696K, used 28887K [0x00000000d5580000, 0x00000000d7680000, 0x0000000100000000)
  eden space 25600K, 100% used [0x00000000d5580000,0x00000000d6e80000,0x00000000d6e80000)
  from space 4096K, 80% used [0x00000000d6e80000,0x00000000d71b5ea8,0x00000000d7280000)
  to   space 4096K, 0% used [0x00000000d7280000,0x00000000d7280000,0x00000000d7680000)
 ParOldGen       total 68608K, used 16K [0x0000000080000000, 0x0000000084300000, 0x00000000d5580000)
  object space 68608K, 0% used [0x0000000080000000,0x0000000080004000,0x0000000084300000)
 Metaspace       used 8106K, committed 8384K, reserved 1114112K
  class space    used 861K, committed 960K, reserved 1048576K
}
Event: 1.138 GC heap after
{Heap after GC invocations=2 (full 0):
 PSYoungGen      total 29696K, used 4080K [0x00000000d5580000, 0x00000000d7680000, 0x0000000100000000)
  eden space 25600K, 0% used [0x00000000d5580000,0x00000000d5580000,0x00000000d6e80000)
  from space 4096K, 99% used [0x00000000d7280000,0x00000000d767c148,0x00000000d7680000)
  to   space 4096K, 0% used [0x00000000d6e80000,0x00000000d6e80000,0x00000000d7280000)
 ParOldGen       total 68608K, used 1120K [0x0000000080000000, 0x0000000084300000, 0x00000000d5580000)
  object space 68608K, 1% used [0x0000000080000000,0x0000000080118020,0x0000000084300000)
 Metaspace       used 8106K, committed 8384K, reserved 1114112K
  class space    used 861K, committed 960K, reserved 1048576K
}
Event: 1.640 GC heap before
{Heap before GC invocations=3 (full 0):
 PSYoungGen      total 29696K, used 29680K [0x00000000d5580000, 0x00000000d7680000, 0x0000000100000000)
  eden space 25600K, 100% used [0x00000000d5580000,0x00000000d6e80000,0x00000000d6e80000)
  from space 4096K, 99% used [0x00000000d7280000,0x00000000d767c148,0x00000000d7680000)
  to   space 4096K, 0% used [0x00000000d6e80000,0x00000000d6e80000,0x00000000d7280000)
 ParOldGen       total 68608K, used 1120K [0x0000000080000000, 0x0000000084300000, 0x00000000d5580000)
  object space 68608K, 1% used [0x0000000080000000,0x0000000080118020,0x0000000084300000)
 Metaspace       used 12926K, committed 13440K, reserved 1114112K
  class space    used 1371K, committed 1600K, reserved 1048576K
}
Event: 1.644 GC heap after
{Heap after GC invocations=3 (full 0):
 PSYoungGen      total 29696K, used 4089K [0x00000000d5580000, 0x00000000d7680000, 0x0000000100000000)
  eden space 25600K, 0% used [0x00000000d5580000,0x00000000d5580000,0x00000000d6e80000)
  from space 4096K, 99% used [0x00000000d6e80000,0x00000000d727e748,0x00000000d7280000)
  to   space 4096K, 0% used [0x00000000d7280000,0x00000000d7280000,0x00000000d7680000)
 ParOldGen       total 68608K, used 2943K [0x0000000080000000, 0x0000000084300000, 0x00000000d5580000)
  object space 68608K, 4% used [0x0000000080000000,0x00000000802dfe10,0x0000000084300000)
 Metaspace       used 12926K, committed 13440K, reserved 1114112K
  class space    used 1371K, committed 1600K, reserved 1048576K
}
Event: 7.266 GC heap before
{Heap before GC invocations=4 (full 0):
 PSYoungGen      total 29696K, used 29689K [0x00000000d5580000, 0x00000000d7680000, 0x0000000100000000)
  eden space 25600K, 100% used [0x00000000d5580000,0x00000000d6e80000,0x00000000d6e80000)
  from space 4096K, 99% used [0x00000000d6e80000,0x00000000d727e748,0x00000000d7280000)
  to   space 4096K, 0% used [0x00000000d7280000,0x00000000d7280000,0x00000000d7680000)
 ParOldGen       total 68608K, used 2943K [0x0000000080000000, 0x0000000084300000, 0x00000000d5580000)
  object space 68608K, 4% used [0x0000000080000000,0x00000000802dfe10,0x0000000084300000)
 Metaspace       used 16752K, committed 17472K, reserved 1114112K
  class space    used 1750K, committed 2048K, reserved 1048576K
}
Event: 7.270 GC heap after
{Heap after GC invocations=4 (full 0):
 PSYoungGen      total 29696K, used 4080K [0x00000000d5580000, 0x00000000d7680000, 0x0000000100000000)
  eden space 25600K, 0% used [0x00000000d5580000,0x00000000d5580000,0x00000000d6e80000)
  from space 4096K, 99% used [0x00000000d7280000,0x00000000d767c3a0,0x00000000d7680000)
  to   space 4096K, 0% used [0x00000000d6e80000,0x00000000d6e80000,0x00000000d7280000)
 ParOldGen       total 68608K, used 5012K [0x0000000080000000, 0x0000000084300000, 0x00000000d5580000)
  object space 68608K, 7% used [0x0000000080000000,0x00000000804e51b8,0x0000000084300000)
 Metaspace       used 16752K, committed 17472K, reserved 1114112K
  class space    used 1750K, committed 2048K, reserved 1048576K
}

Dll operation events (10 events):
Event: 0.010 Loaded shared library c:\Users\alumne-DAM\.vscode\extensions\redhat.java-1.51.0-win32-x64\jre\21.0.9-win32-x86_64\bin\java.dll
Event: 0.123 Loaded shared library c:\Users\alumne-DAM\.vscode\extensions\redhat.java-1.51.0-win32-x64\jre\21.0.9-win32-x86_64\bin\zip.dll
Event: 0.136 Loaded shared library C:\Users\alumne-DAM\.vscode\extensions\redhat.java-1.51.0-win32-x64\jre\21.0.9-win32-x86_64\bin\instrument.dll
Event: 0.139 Loaded shared library C:\Users\alumne-DAM\.vscode\extensions\redhat.java-1.51.0-win32-x64\jre\21.0.9-win32-x86_64\bin\net.dll
Event: 0.140 Loaded shared library C:\Users\alumne-DAM\.vscode\extensions\redhat.java-1.51.0-win32-x64\jre\21.0.9-win32-x86_64\bin\nio.dll
Event: 0.142 Loaded shared library C:\Users\alumne-DAM\.vscode\extensions\redhat.java-1.51.0-win32-x64\jre\21.0.9-win32-x86_64\bin\zip.dll
Event: 0.181 Loaded shared library C:\Users\alumne-DAM\.vscode\extensions\redhat.java-1.51.0-win32-x64\jre\21.0.9-win32-x86_64\bin\jimage.dll
Event: 0.226 Loaded shared library c:\Users\alumne-DAM\.vscode\extensions\redhat.java-1.51.0-win32-x64\jre\21.0.9-win32-x86_64\bin\verify.dll
Event: 1.087 Loaded shared library C:\Users\alumne-DAM\AppData\Roaming\Code\User\globalStorage\redhat.java\1.51.0\config_ss_win\org.eclipse.equinox.launcher\org.eclipse.equinox.launcher.win32.win32.x86_64_1.2.1400.v20250801-0854\eclipse_11916.dll
Event: 7.107 Loaded shared library C:\Users\alumne-DAM\AppData\Local\Temp\jna--570604515\jna12366894807242460315.dll

Deoptimization events (20 events):
Event: 7.259 Thread 0x000002397819f650 DEOPT PACKING pc=0x0000023924424094 sp=0x0000006be62f3690
Event: 7.259 Thread 0x000002397819f650 DEOPT UNPACKING pc=0x0000023923de6da2 sp=0x0000006be62f3638 mode 2
Event: 7.259 Thread 0x000002397819f650 Uncommon trap: trap_request=0xffffffde fr.pc=0x0000023924424094 relative=0x00000000000003b4
Event: 7.259 Thread 0x000002397819f650 Uncommon trap: reason=class_check action=maybe_recompile pc=0x0000023924424094 method=java.util.regex.Pattern$BmpCharPropertyGreedy.match(Ljava/util/regex/Matcher;ILjava/lang/CharSequence;)Z @ 70 c2
Event: 7.259 Thread 0x000002397819f650 DEOPT PACKING pc=0x0000023924424094 sp=0x0000006be62f34e0
Event: 7.259 Thread 0x000002397819f650 DEOPT UNPACKING pc=0x0000023923de6da2 sp=0x0000006be62f3488 mode 2
Event: 7.259 Thread 0x000002397819f650 Uncommon trap: trap_request=0xffffffde fr.pc=0x000002392442cf48 relative=0x00000000000005a8
Event: 7.259 Thread 0x000002397819f650 Uncommon trap: reason=class_check action=maybe_recompile pc=0x000002392442cf48 method=java.util.regex.Matcher.search(I)Z @ 121 c2
Event: 7.259 Thread 0x000002397819f650 DEOPT PACKING pc=0x000002392442cf48 sp=0x0000006be62f3a20
Event: 7.259 Thread 0x000002397819f650 DEOPT UNPACKING pc=0x0000023923de6da2 sp=0x0000006be62f3a00 mode 2
Event: 7.260 Thread 0x000002397819f650 Uncommon trap: trap_request=0xffffffde fr.pc=0x000002392442cf48 relative=0x00000000000005a8
Event: 7.260 Thread 0x000002397819f650 Uncommon trap: reason=class_check action=maybe_recompile pc=0x000002392442cf48 method=java.util.regex.Matcher.search(I)Z @ 121 c2
Event: 7.260 Thread 0x000002397819f650 DEOPT PACKING pc=0x000002392442cf48 sp=0x0000006be62f3a10
Event: 7.260 Thread 0x000002397819f650 DEOPT UNPACKING pc=0x0000023923de6da2 sp=0x0000006be62f39f0 mode 2
Event: 7.260 Thread 0x000002397819f650 Uncommon trap: trap_request=0xffffffde fr.pc=0x000002392442cf48 relative=0x00000000000005a8
Event: 7.260 Thread 0x000002397819f650 Uncommon trap: reason=class_check action=maybe_recompile pc=0x000002392442cf48 method=java.util.regex.Matcher.search(I)Z @ 121 c2
Event: 7.260 Thread 0x000002397819f650 DEOPT PACKING pc=0x000002392442cf48 sp=0x0000006be62f3a10
Event: 7.260 Thread 0x000002397819f650 DEOPT UNPACKING pc=0x0000023923de6da2 sp=0x0000006be62f39f0 mode 2
Event: 7.302 Thread 0x000002397819f650 DEOPT PACKING pc=0x000002391ccf91c9 sp=0x0000006be62f4b10
Event: 7.302 Thread 0x000002397819f650 DEOPT UNPACKING pc=0x0000023923de78e2 sp=0x0000006be62f3f80 mode 0

Classes loaded (20 events):
Event: 7.275 Loading class java/util/zip/GZIPInputStream
Event: 7.275 Loading class java/util/zip/GZIPInputStream done
Event: 7.277 Loading class java/util/zip/GZIPOutputStream
Event: 7.277 Loading class java/util/zip/GZIPOutputStream done
Event: 7.281 Loading class java/net/SocketTimeoutException
Event: 7.281 Loading class java/io/InterruptedIOException
Event: 7.281 Loading class java/io/InterruptedIOException done
Event: 7.281 Loading class java/net/SocketTimeoutException done
Event: 7.281 Loading class java/net/SocketException
Event: 7.281 Loading class java/net/SocketException done
Event: 7.281 Loading class java/net/UnknownHostException
Event: 7.281 Loading class java/net/UnknownHostException done
Event: 7.281 Loading class java/net/ProtocolException
Event: 7.281 Loading class java/net/ProtocolException done
Event: 7.295 Loading class java/lang/ThreadLocal$SuppliedThreadLocal
Event: 7.295 Loading class java/lang/ThreadLocal$SuppliedThreadLocal done
Event: 7.301 Loading class java/io/FileWriter
Event: 7.301 Loading class java/io/FileWriter done
Event: 7.302 Loading class java/lang/NegativeArraySizeException
Event: 7.303 Loading class java/lang/NegativeArraySizeException done

Classes unloaded (0 events):
No events

Classes redefined (0 events):
No events

Internal exceptions (20 events):
Event: 7.177 Thread 0x000002397819f650 Exception <a 'java/lang/NoSuchMethodError'{0x00000000d67582d0}: 'java.lang.Object java.lang.invoke.DirectMethodHandle$Holder.invokeSpecial(java.lang.Object, java.lang.Object, java.lang.Object, long, java.lang.Object)'> (0x00000000d67582d0) 
thrown [s\src\hotspot\share\interpreter\linkResolver.cpp, line 773]
Event: 7.178 Thread 0x000002397819f650 Exception <a 'java/lang/NoSuchMethodError'{0x00000000d675fb18}: 'java.lang.Object java.lang.invoke.DirectMethodHandle$Holder.newInvokeSpecial(java.lang.Object, java.lang.Object, java.lang.Object, long)'> (0x00000000d675fb18) 
thrown [s\src\hotspot\share\interpreter\linkResolver.cpp, line 773]
Event: 7.178 Thread 0x000002397819f650 Exception <a 'java/lang/NoSuchMethodError'{0x00000000d6763ec8}: 'java.lang.Object java.lang.invoke.DirectMethodHandle$Holder.invokeSpecial(java.lang.Object, java.lang.Object, java.lang.Object, java.lang.Object, long)'> (0x00000000d6763ec8) 
thrown [s\src\hotspot\share\interpreter\linkResolver.cpp, line 773]
Event: 7.178 Thread 0x000002397819f650 Exception <a 'java/lang/NoSuchMethodError'{0x00000000d6767ae8}: 'java.lang.Object java.lang.invoke.Invokers$Holder.linkToTargetMethod(java.lang.Object, java.lang.Object, long, java.lang.Object)'> (0x00000000d6767ae8) 
thrown [s\src\hotspot\share\interpreter\linkResolver.cpp, line 773]
Event: 7.184 Thread 0x000002397819f650 Exception <a 'java/lang/NoSuchMethodError'{0x00000000d67da188}: 'int java.lang.invoke.DirectMethodHandle$Holder.invokeStaticInit(java.lang.Object, java.lang.Object, java.lang.Object)'> (0x00000000d67da188) 
thrown [s\src\hotspot\share\interpreter\linkResolver.cpp, line 773]
Event: 7.192 Thread 0x000002397819f650 Exception <a 'java/lang/IncompatibleClassChangeError'{0x00000000d6870070}: Found class java.lang.Object, but interface was expected> (0x00000000d6870070) 
thrown [s\src\hotspot\share\interpreter\linkResolver.cpp, line 840]
Event: 7.195 Thread 0x000002397819f650 Exception <a 'java/lang/NoSuchMethodError'{0x00000000d6883448}: 'java.lang.Object java.lang.invoke.DirectMethodHandle$Holder.invokeSpecial(java.lang.Object, java.lang.Object, java.lang.Object, int, java.lang.Object, java.lang.Object)'> (0x00000000d6883448) 
thrown [s\src\hotspot\share\interpreter\linkResolver.cpp, line 773]
Event: 7.196 Thread 0x000002397819f650 Exception <a 'java/lang/NoSuchMethodError'{0x00000000d688af98}: 'java.lang.Object java.lang.invoke.DirectMethodHandle$Holder.newInvokeSpecial(java.lang.Object, java.lang.Object, java.lang.Object, int, java.lang.Object)'> (0x00000000d688af98) 
thrown [s\src\hotspot\share\interpreter\linkResolver.cpp, line 773]
Event: 7.196 Thread 0x000002397819f650 Exception <a 'java/lang/NoSuchMethodError'{0x00000000d688ef18}: 'java.lang.Object java.lang.invoke.DirectMethodHandle$Holder.invokeSpecial(java.lang.Object, java.lang.Object, java.lang.Object, java.lang.Object, int, java.lang.Object)'> (0x00000000d688ef18) 
thrown [s\src\hotspot\share\interpreter\linkResolver.cpp, line 773]
Event: 7.196 Thread 0x000002397819f650 Exception <a 'java/lang/NoSuchMethodError'{0x00000000d6892a58}: 'java.lang.Object java.lang.invoke.Invokers$Holder.linkToTargetMethod(java.lang.Object, java.lang.Object, int, java.lang.Object, java.lang.Object)'> (0x00000000d6892a58) 
thrown [s\src\hotspot\share\interpreter\linkResolver.cpp, line 773]
Event: 7.196 Thread 0x0000023973acc460 Exception <a 'java/lang/NoSuchMethodError'{0x00000000d67a3a78}: 'java.lang.Object java.lang.invoke.DirectMethodHandle$Holder.invokeSpecial(java.lang.Object, java.lang.Object, int, java.lang.Object, java.lang.Object)'> (0x00000000d67a3a78) 
thrown [s\src\hotspot\share\interpreter\linkResolver.cpp, line 773]
Event: 7.197 Thread 0x0000023973acc460 Exception <a 'java/lang/NoSuchMethodError'{0x00000000d67aa7b0}: 'java.lang.Object java.lang.invoke.DirectMethodHandle$Holder.newInvokeSpecial(java.lang.Object, java.lang.Object, int, java.lang.Object)'> (0x00000000d67aa7b0) 
thrown [s\src\hotspot\share\interpreter\linkResolver.cpp, line 773]
Event: 7.197 Thread 0x0000023973acc460 Exception <a 'java/lang/NoSuchMethodError'{0x00000000d67ae090}: 'java.lang.Object java.lang.invoke.DirectMethodHandle$Holder.invokeSpecial(java.lang.Object, java.lang.Object, java.lang.Object, int, java.lang.Object)'> (0x00000000d67ae090) 
thrown [s\src\hotspot\share\interpreter\linkResolver.cpp, line 773]
Event: 7.212 Thread 0x000002397819f650 Exception <a 'java/lang/NoSuchMethodError'{0x00000000d69a5bc8}: 'void java.lang.invoke.DirectMethodHandle$Holder.invokeSpecial(java.lang.Object, java.lang.Object, java.lang.Object, java.lang.Object, java.lang.Object)'> (0x00000000d69a5bc8) 
thrown [s\src\hotspot\share\interpreter\linkResolver.cpp, line 773]
Event: 7.218 Thread 0x0000023973acc460 Exception <a 'java/lang/NoSuchMethodError'{0x00000000d6a68060}: 'java.lang.Object java.lang.invoke.DirectMethodHandle$Holder.newInvokeSpecial(java.lang.Object, java.lang.Object, java.lang.Object, java.lang.Object, java.lang.Object)'> (0x00000000d6a68060) 
thrown [s\src\hotspot\share\interpreter\linkResolver.cpp, line 773]
Event: 7.249 Thread 0x000002397819f650 Exception <a 'java/lang/NoSuchMethodError'{0x00000000d6c675f8}: 'double java.lang.invoke.DirectMethodHandle$Holder.invokeStatic(java.lang.Object, java.lang.Object)'> (0x00000000d6c675f8) 
thrown [s\src\hotspot\share\interpreter\linkResolver.cpp, line 773]
Event: 7.249 Thread 0x000002397819f650 Exception <a 'java/lang/NoSuchMethodError'{0x00000000d6c6acb8}: 'double java.lang.invoke.DirectMethodHandle$Holder.invokeStaticInit(java.lang.Object, java.lang.Object)'> (0x00000000d6c6acb8) 
thrown [s\src\hotspot\share\interpreter\linkResolver.cpp, line 773]
Event: 7.338 Thread 0x000002397819f650 Exception <a 'java/io/FileNotFoundException'{0x00000000d637c320}> (0x00000000d637c320) 
thrown [s\src\hotspot\share\prims\jni.cpp, line 520]
Event: 7.338 Thread 0x000002397819f650 Exception <a 'java/io/FileNotFoundException'{0x00000000d637d1a8}> (0x00000000d637d1a8) 
thrown [s\src\hotspot\share\prims\jni.cpp, line 520]
Event: 7.338 Thread 0x000002397819f650 Exception <a 'java/io/FileNotFoundException'{0x00000000d637e140}> (0x00000000d637e140) 
thrown [s\src\hotspot\share\prims\jni.cpp, line 520]

ZGC Phase Switch (0 events):
No events

VM Operations (20 events):
Event: 1.235 Executing VM operation: HandshakeAllThreads (Deoptimize) done
Event: 1.469 Executing VM operation: HandshakeAllThreads (Deoptimize)
Event: 1.469 Executing VM operation: HandshakeAllThreads (Deoptimize) done
Event: 1.640 Executing VM operation: ParallelGCFailedAllocation (Allocation Failure)
Event: 1.644 Executing VM operation: ParallelGCFailedAllocation (Allocation Failure) done
Event: 1.716 Executing VM operation: HandshakeAllThreads (Deoptimize)
Event: 1.716 Executing VM operation: HandshakeAllThreads (Deoptimize) done
Event: 1.718 Executing VM operation: HandshakeAllThreads (Deoptimize)
Event: 1.718 Executing VM operation: HandshakeAllThreads (Deoptimize) done
Event: 1.729 Executing VM operation: HandshakeAllThreads (Deoptimize)
Event: 1.729 Executing VM operation: HandshakeAllThreads (Deoptimize) done
Event: 2.735 Executing VM operation: Cleanup
Event: 2.735 Executing VM operation: Cleanup done
Event: 6.785 Executing VM operation: Cleanup
Event: 6.785 Executing VM operation: Cleanup done
Event: 7.117 Executing VM operation: HandshakeAllThreads (Deoptimize)
Event: 7.117 Executing VM operation: HandshakeAllThreads (Deoptimize) done
Event: 7.266 Executing VM operation: ParallelGCFailedAllocation (Allocation Failure)
Event: 7.270 Executing VM operation: ParallelGCFailedAllocation (Allocation Failure) done
Event: 8.275 Executing VM operation: Cleanup

Memory protections (0 events):
No events

Nmethod flushes (0 events):
No events

Events (20 events):
Event: 0.129 Thread 0x000002391971d590 Thread added: 0x0000023972564c30
Event: 0.137 Thread 0x000002391965f370 Thread added: 0x000002397265a2e0
Event: 0.302 Thread 0x000002391965f370 Thread added: 0x00000239727a50a0
Event: 0.305 Thread 0x000002391971d590 Thread added: 0x00000239734be980
Event: 0.878 Thread 0x000002391965f370 Thread added: 0x000002397394bfa0
Event: 1.059 Thread 0x000002391965f370 Thread added: 0x000002397819eff0
Event: 1.072 Thread 0x000002391965f370 Thread added: 0x000002397819f650
Event: 1.163 Thread 0x00000239734be980 Thread exited: 0x00000239734be980
Event: 1.164 Thread 0x0000023972564c30 Thread exited: 0x0000023972564c30
Event: 1.225 Thread 0x000002397819f650 Thread added: 0x0000023972564c30
Event: 1.324 Thread 0x000002391971d590 Thread added: 0x0000023973822a00
Event: 1.324 Thread 0x000002391971d590 Thread added: 0x000002397820b3e0
Event: 1.532 Thread 0x000002397819f650 Thread added: 0x0000023978249ca0
Event: 1.710 Thread 0x000002397820b3e0 Thread exited: 0x000002397820b3e0
Event: 3.078 Thread 0x0000023973822a00 Thread exited: 0x0000023973822a00
Event: 7.132 Thread 0x000002397819f650 Thread added: 0x000002397832fd00
Event: 7.180 Thread 0x000002397819f650 Thread added: 0x0000023973acc460
Event: 7.196 Thread 0x000002397819f650 Thread added: 0x00000239724c7860
Event: 7.264 Thread 0x000002391971d590 Thread added: 0x00000239738b2a30
Event: 7.324 Thread 0x000002391971d590 Thread added: 0x00000239738af3b0


Dynamic libraries:
0x00007ff73eab0000 - 0x00007ff73eabe000 	c:\Users\alumne-DAM\.vscode\extensions\redhat.java-1.51.0-win32-x64\jre\21.0.9-win32-x86_64\bin\java.exe
0x00007ffb66520000 - 0x00007ffb66787000 	C:\WINDOWS\SYSTEM32\ntdll.dll
0x00007ffb652c0000 - 0x00007ffb65389000 	C:\WINDOWS\System32\KERNEL32.DLL
0x00007ffb63940000 - 0x00007ffb63d2f000 	C:\WINDOWS\System32\KERNELBASE.dll
0x00007ffb637c0000 - 0x00007ffb6390b000 	C:\WINDOWS\System32\ucrtbase.dll
0x00007ffb3f090000 - 0x00007ffb3f0a8000 	c:\Users\alumne-DAM\.vscode\extensions\redhat.java-1.51.0-win32-x64\jre\21.0.9-win32-x86_64\bin\jli.dll
0x00007ffb45aa0000 - 0x00007ffb45abe000 	c:\Users\alumne-DAM\.vscode\extensions\redhat.java-1.51.0-win32-x64\jre\21.0.9-win32-x86_64\bin\VCRUNTIME140.dll
0x00007ffb65090000 - 0x00007ffb65255000 	C:\WINDOWS\System32\USER32.dll
0x00007ffb63910000 - 0x00007ffb63937000 	C:\WINDOWS\System32\win32u.dll
0x00007ffb4e850000 - 0x00007ffb4eae3000 	C:\WINDOWS\WinSxS\amd64_microsoft.windows.common-controls_6595b64144ccf1df_6.0.26100.7309_none_3e05feeae336a044\COMCTL32.dll
0x00007ffb65e40000 - 0x00007ffb65e6b000 	C:\WINDOWS\System32\GDI32.dll
0x00007ffb660b0000 - 0x00007ffb66159000 	C:\WINDOWS\System32\msvcrt.dll
0x00007ffb64190000 - 0x00007ffb642bc000 	C:\WINDOWS\System32\gdi32full.dll
0x00007ffb64030000 - 0x00007ffb640d3000 	C:\WINDOWS\System32\msvcp_win.dll
0x00007ffb65260000 - 0x00007ffb65291000 	C:\WINDOWS\System32\IMM32.DLL
0x00007ffb4a5c0000 - 0x00007ffb4a5cc000 	c:\Users\alumne-DAM\.vscode\extensions\redhat.java-1.51.0-win32-x64\jre\21.0.9-win32-x86_64\bin\vcruntime140_1.dll
0x00007ffb0d7d0000 - 0x00007ffb0d85d000 	c:\Users\alumne-DAM\.vscode\extensions\redhat.java-1.51.0-win32-x64\jre\21.0.9-win32-x86_64\bin\msvcp140.dll
0x00007ffab58e0000 - 0x00007ffab6680000 	c:\Users\alumne-DAM\.vscode\extensions\redhat.java-1.51.0-win32-x64\jre\21.0.9-win32-x86_64\bin\server\jvm.dll
0x00007ffb65ff0000 - 0x00007ffb660a4000 	C:\WINDOWS\System32\ADVAPI32.dll
0x00007ffb64fe0000 - 0x00007ffb65086000 	C:\WINDOWS\System32\sechost.dll
0x00007ffb65390000 - 0x00007ffb654a8000 	C:\WINDOWS\System32\RPCRT4.dll
0x00007ffb663c0000 - 0x00007ffb66434000 	C:\WINDOWS\System32\WS2_32.dll
0x00007ffb634d0000 - 0x00007ffb6352e000 	C:\WINDOWS\SYSTEM32\POWRPROF.dll
0x00007ffb59cb0000 - 0x00007ffb59cbb000 	C:\WINDOWS\SYSTEM32\VERSION.dll
0x00007ffb4f790000 - 0x00007ffb4f7c5000 	C:\WINDOWS\SYSTEM32\WINMM.dll
0x00007ffb634b0000 - 0x00007ffb634c4000 	C:\WINDOWS\SYSTEM32\UMPDC.dll
0x00007ffb623e0000 - 0x00007ffb623fb000 	C:\WINDOWS\SYSTEM32\kernel.appcore.dll
0x00007ffb4acf0000 - 0x00007ffb4acfa000 	c:\Users\alumne-DAM\.vscode\extensions\redhat.java-1.51.0-win32-x64\jre\21.0.9-win32-x86_64\bin\jimage.dll
0x00007ffb4f4e0000 - 0x00007ffb4f722000 	C:\WINDOWS\SYSTEM32\DBGHELP.DLL
0x00007ffb642c0000 - 0x00007ffb64646000 	C:\WINDOWS\System32\combase.dll
0x00007ffb66190000 - 0x00007ffb66266000 	C:\WINDOWS\System32\OLEAUT32.dll
0x00007ffb4b4f0000 - 0x00007ffb4b52c000 	C:\WINDOWS\SYSTEM32\dbgcore.DLL
0x00007ffb640e0000 - 0x00007ffb64185000 	C:\WINDOWS\System32\bcryptPrimitives.dll
0x00007ffb3edd0000 - 0x00007ffb3eddf000 	c:\Users\alumne-DAM\.vscode\extensions\redhat.java-1.51.0-win32-x64\jre\21.0.9-win32-x86_64\bin\instrument.dll
0x00007ffb3ecf0000 - 0x00007ffb3ed10000 	c:\Users\alumne-DAM\.vscode\extensions\redhat.java-1.51.0-win32-x64\jre\21.0.9-win32-x86_64\bin\java.dll
0x00007ffb64660000 - 0x00007ffb64db3000 	C:\WINDOWS\System32\SHELL32.dll
0x00007ffb63ec0000 - 0x00007ffb6402a000 	C:\WINDOWS\System32\wintypes.dll
0x00007ffb61250000 - 0x00007ffb61aae000 	C:\WINDOWS\SYSTEM32\windows.storage.dll
0x00007ffb65ef0000 - 0x00007ffb65fe5000 	C:\WINDOWS\System32\SHCORE.dll
0x00007ffb65bf0000 - 0x00007ffb65c56000 	C:\WINDOWS\System32\shlwapi.dll
0x00007ffb63590000 - 0x00007ffb635b9000 	C:\WINDOWS\SYSTEM32\profapi.dll
0x00007ffb3eba0000 - 0x00007ffb3ebb8000 	c:\Users\alumne-DAM\.vscode\extensions\redhat.java-1.51.0-win32-x64\jre\21.0.9-win32-x86_64\bin\zip.dll
0x00007ffb3dd30000 - 0x00007ffb3dd40000 	C:\Users\alumne-DAM\.vscode\extensions\redhat.java-1.51.0-win32-x64\jre\21.0.9-win32-x86_64\bin\net.dll
0x00007ffb5d5e0000 - 0x00007ffb5d708000 	C:\WINDOWS\SYSTEM32\WINHTTP.dll
0x00007ffb62930000 - 0x00007ffb6299b000 	C:\WINDOWS\system32\mswsock.dll
0x00007ffb3dc40000 - 0x00007ffb3dc56000 	C:\Users\alumne-DAM\.vscode\extensions\redhat.java-1.51.0-win32-x64\jre\21.0.9-win32-x86_64\bin\nio.dll
0x00007ffb3a720000 - 0x00007ffb3a730000 	c:\Users\alumne-DAM\.vscode\extensions\redhat.java-1.51.0-win32-x64\jre\21.0.9-win32-x86_64\bin\verify.dll
0x00007ffb4b360000 - 0x00007ffb4b3a4000 	C:\Users\alumne-DAM\AppData\Roaming\Code\User\globalStorage\redhat.java\1.51.0\config_ss_win\org.eclipse.equinox.launcher\org.eclipse.equinox.launcher.win32.win32.x86_64_1.2.1400.v20250801-0854\eclipse_11916.dll
0x00007ffb64e40000 - 0x00007ffb64fd7000 	C:\WINDOWS\System32\ole32.dll
0x00007ffb62d20000 - 0x00007ffb62d3b000 	C:\WINDOWS\SYSTEM32\CRYPTSP.dll
0x00007ffb62340000 - 0x00007ffb6237a000 	C:\WINDOWS\system32\rsaenh.dll
0x00007ffb629e0000 - 0x00007ffb62a0b000 	C:\WINDOWS\SYSTEM32\USERENV.dll
0x00007ffb63560000 - 0x00007ffb6358a000 	C:\WINDOWS\SYSTEM32\bcrypt.dll
0x00007ffb62b80000 - 0x00007ffb62b8c000 	C:\WINDOWS\SYSTEM32\CRYPTBASE.dll
0x00007ffb61dd0000 - 0x00007ffb61e04000 	C:\WINDOWS\SYSTEM32\IPHLPAPI.DLL
0x00007ffb652b0000 - 0x00007ffb652ba000 	C:\WINDOWS\System32\NSI.dll
0x00007ffb3bde0000 - 0x00007ffb3be29000 	C:\Users\alumne-DAM\AppData\Local\Temp\jna--570604515\jna12366894807242460315.dll
0x00007ffb664d0000 - 0x00007ffb664d8000 	C:\WINDOWS\System32\PSAPI.DLL

JVMTI agents:
c:\Users\alumne-DAM\.vscode\extensions\redhat.java-1.51.0-win32-x64\lombok\lombok-1.18.39-4050.jar path:c:\Users\alumne-DAM\.vscode\extensions\redhat.java-1.51.0-win32-x64\jre\21.0.9-win32-x86_64\bin\instrument.dll, loaded, initialized, instrumentlib options:none

dbghelp: loaded successfully - version: 4.0.5 - missing functions: none
symbol engine: initialized successfully - sym options: 0x614 - pdb path: .;c:\Users\alumne-DAM\.vscode\extensions\redhat.java-1.51.0-win32-x64\jre\21.0.9-win32-x86_64\bin;C:\WINDOWS\SYSTEM32;C:\WINDOWS\WinSxS\amd64_microsoft.windows.common-controls_6595b64144ccf1df_6.0.26100.7309_none_3e05feeae336a044;c:\Users\alumne-DAM\.vscode\extensions\redhat.java-1.51.0-win32-x64\jre\21.0.9-win32-x86_64\bin\server;C:\Users\alumne-DAM\AppData\Roaming\Code\User\globalStorage\redhat.java\1.51.0\config_ss_win\org.eclipse.equinox.launcher\org.eclipse.equinox.launcher.win32.win32.x86_64_1.2.1400.v20250801-0854;C:\Users\alumne-DAM\AppData\Local\Temp\jna--570604515

VM Arguments:
jvm_args: --add-modules=ALL-SYSTEM --add-opens=java.base/java.util=ALL-UNNAMED --add-opens=java.base/java.lang=ALL-UNNAMED --add-opens=java.base/sun.nio.fs=ALL-UNNAMED -Declipse.application=org.eclipse.jdt.ls.core.id1 -Dosgi.bundles.defaultStartLevel=4 -Declipse.product=org.eclipse.jdt.ls.core.product -Djava.import.generatesMetadataFilesAtProjectRoot=false -DDetectVMInstallationsJob.disabled=true -Dfile.encoding=utf8 -XX:+UseParallelGC -XX:GCTimeRatio=4 -XX:AdaptiveSizePolicyWeight=90 -Dsun.zip.disableMemoryMapping=true -Xmx2G -Xms100m -Xlog:disable -javaagent:c:\Users\alumne-DAM\.vscode\extensions\redhat.java-1.51.0-win32-x64\lombok\lombok-1.18.39-4050.jar 
java_command: c:\Users\alumne-DAM\.vscode\extensions\redhat.java-1.51.0-win32-x64\server\plugins\org.eclipse.equinox.launcher_1.7.100.v20251111-0406.jar -configuration c:\Users\alumne-DAM\AppData\Roaming\Code\User\globalStorage\redhat.java\1.51.0\config_ss_win -data c:\Users\alumne-DAM\AppData\Roaming\Code\User\workspaceStorage\c5f99d8daf878e750fdb94c9f4644d15\redhat.java\ss_ws --pipe=\\.\pipe\lsp-3e8f0426eaf6678f2aca70d99b6efc67-sock
java_class_path (initial): c:\Users\alumne-DAM\.vscode\extensions\redhat.java-1.51.0-win32-x64\server\plugins\org.eclipse.equinox.launcher_1.7.100.v20251111-0406.jar
Launcher Type: SUN_STANDARD

[Global flags]
    uintx AdaptiveSizePolicyWeight                 = 90                                        {product} {command line}
     intx CICompilerCount                          = 4                                         {product} {ergonomic}
    uintx GCTimeRatio                              = 4                                         {product} {command line}
   size_t InitialHeapSize                          = 104857600                                 {product} {command line}
   size_t MaxHeapSize                              = 2147483648                                {product} {command line}
   size_t MaxNewSize                               = 715653120                                 {product} {ergonomic}
   size_t MinHeapDeltaBytes                        = 524288                                    {product} {ergonomic}
   size_t MinHeapSize                              = 104857600                                 {product} {command line}
   size_t NewSize                                  = 34603008                                  {product} {ergonomic}
    uintx NonNMethodCodeHeapSize                   = 5839372                                {pd product} {ergonomic}
    uintx NonProfiledCodeHeapSize                  = 122909434                              {pd product} {ergonomic}
   size_t OldSize                                  = 70254592                                  {product} {ergonomic}
    uintx ProfiledCodeHeapSize                     = 122909434                              {pd product} {ergonomic}
    uintx ReservedCodeCacheSize                    = 251658240                              {pd product} {ergonomic}
     bool SegmentedCodeCache                       = true                                      {product} {ergonomic}
   size_t SoftMaxHeapSize                          = 2147483648                             {manageable} {ergonomic}
     bool UseCompressedOops                        = true                           {product lp64_product} {ergonomic}
     bool UseLargePagesIndividualAllocation        = false                                  {pd product} {ergonomic}
     bool UseParallelGC                            = true                                      {product} {command line}

Logging:
Log output configuration:
 #0: stdout all=off uptime,level,tags foldmultilines=false
 #1: stderr all=off uptime,level,tags foldmultilines=false

Release file:
JAVA_VERSION="21.0.9" 
MODULES="java.base java.compiler java.datatransfer java.xml java.prefs java.desktop java.instrument java.logging java.management java.security.sasl java.naming java.rmi java.management.rmi java.net.http java.scripting java.security.jgss java.transaction.xa java.sql java.sql.rowset java.xml.crypto java.se java.smartcardio jdk.accessibility jdk.internal.jvmstat jdk.attach jdk.charsets jdk.internal.opt jdk.zipfs jdk.compiler jdk.crypto.ec jdk.crypto.cryptoki jdk.crypto.mscapi jdk.dynalink jdk.internal.ed jdk.editpad jdk.hotspot.agent jdk.httpserver jdk.internal.le jdk.internal.vm.ci jdk.internal.vm.compiler jdk.internal.vm.compiler.management jdk.jartool jdk.javadoc jdk.jcmd jdk.management jdk.management.agent jdk.jconsole jdk.jdeps jdk.jdwp.agent jdk.jdi jdk.jfr jdk.jshell jdk.jsobject jdk.jstatd jdk.localedata jdk.management.jfr jdk.naming.dns jdk.naming.rmi jdk.net jdk.nio.mapmode jdk.random jdk.sctp jdk.security.auth jdk.security.jgss jdk.unsupported jdk.unsupported.desktop jdk.xml.dom" 

Environment Variables:
JAVA_HOME=C:\Program Files\Eclipse Adoptium\jdk-17.0.16.8-hotspot\
PATH=C:\Program Files\Common Files\Oracle\Java\javapath;C:\Program Files\Eclipse Adoptium\jdk-17.0.16.8-hotspot\bin;C:\WINDOWS\system32;C:\WINDOWS;C:\WINDOWS\System32\Wbem;C:\WINDOWS\System32\WindowsPowerShell\v1.0\;C:\WINDOWS\System32\OpenSSH\;C:\Program Files\dotnet\;C:\WINDOWS\system32\config\systemprofile\AppData\Local\Muse Hub\lib;C:\Program Files (x86)\Windows Kits\10\Windows Performance Toolkit\;C:\Program Files\Docker\Docker\resources\bin;C:\Program Files\Git\cmd;C:\Users\alumne-DAM\AppData\Local\Microsoft\WindowsApps;C:\Users\alumne-DAM\AppData\Local\Programs\Microsoft VS Code\bin;C:\Users\alumne-DAM\AppData\Local\Programs\Git\cmd;C:\Users\alumne-DAM\AppData\Local\Muse Hub\lib
USERNAME=alumne-DAM
OS=Windows_NT
PROCESSOR_IDENTIFIER=Intel64 Family 6 Model 167 Stepping 1, GenuineIntel
TMP=C:\Users\ALUMNE~1\AppData\Local\Temp
TEMP=C:\Users\ALUMNE~1\AppData\Local\Temp




Periodic native trim disabled

---------------  S Y S T E M  ---------------

OS:
 Windows 11 , 64 bit Build 26100 (10.0.26100.7623)
OS uptime: 0 days 3:32 hours
Hyper-V role detected

CPU: total 12 (initial active 12) (6 cores per cpu, 2 threads per core) family 6 model 167 stepping 1 microcode 0x40, cx8, cmov, fxsr, ht, mmx, 3dnowpref, sse, sse2, sse3, ssse3, sse4.1, sse4.2, popcnt, lzcnt, tsc, tscinvbit, avx, avx2, aes, erms, clmul, bmi1, bmi2, adx, avx512f, avx512dq, avx512cd, avx512bw, avx512vl, sha, fma, vzeroupper, avx512_vpopcntdq, avx512_vpclmulqdq, avx512_vaes, avx512_vnni, clflush, clflushopt, avx512_vbmi2, avx512_vbmi, hv, rdtscp, rdpid, fsrm, gfni, avx512_bitalg, f16c, avx512_ifma
Processor Information for the first 12 processors :
  Max Mhz: 2592, Current Mhz: 2592, Mhz Limit: 2592

Memory: 4k page, system-wide physical 16181M (2837M free)
TotalPageFile size 65333M (AvailPageFile size 18M)
current process WorkingSet (physical memory assigned to process): 131M, peak: 131M
current process commit charge ("private bytes"): 275M, peak: 276M

vm_info: OpenJDK 64-Bit Server VM (21.0.9+10-LTS) for windows-amd64 JRE (21.0.9+10-LTS), built on 2025-10-21T00:00:00Z by "admin" with unknown MS VC++:1942

END.
